
*** Running vivado
    with args -log top_design_util_vector_logic_0_0.vds -m64 -product Vivado -mode batch -messageDb vivado.pb -notrace -source top_design_util_vector_logic_0_0.tcl


****** Vivado v2017.1 (64-bit)
  **** SW Build 1846317 on Fri Apr 14 18:55:03 MDT 2017
  **** IP Build 1846188 on Fri Apr 14 20:52:08 MDT 2017
    ** Copyright 1986-2017 Xilinx, Inc. All Rights Reserved.

source top_design_util_vector_logic_0_0.tcl -notrace
Starting RTL Elaboration : Time (s): cpu = 00:00:04 ; elapsed = 00:00:04 . Memory (MB): peak = 332.961 ; gain = 82.414
INFO: [Synth 8-638] synthesizing module 'top_design_util_vector_logic_0_0' [d:/Projects/3ph_f2f/vivado/3ph_f2f_revA/3ph_f2f_revA.srcs/sources_1/bd/top_design/ip/top_design_util_vector_logic_0_0/synth/top_design_util_vector_logic_0_0.v:57]
INFO: [Synth 8-638] synthesizing module 'util_vector_logic_v2_0_1_util_vector_logic' [d:/Projects/3ph_f2f/vivado/3ph_f2f_revA/3ph_f2f_revA.srcs/sources_1/bd/top_design/ipshared/6d4d/hdl/util_vector_logic_v2_0_vl_rfs.v:44]
INFO: [Synth 8-256] done synthesizing module 'util_vector_logic_v2_0_1_util_vector_logic' (1#1) [d:/Projects/3ph_f2f/vivado/3ph_f2f_revA/3ph_f2f_revA.srcs/sources_1/bd/top_design/ipshared/6d4d/hdl/util_vector_logic_v2_0_vl_rfs.v:44]
INFO: [Synth 8-256] done synthesizing module 'top_design_util_vector_logic_0_0' (2#1) [d:/Projects/3ph_f2f/vivado/3ph_f2f_revA/3ph_f2f_revA.srcs/sources_1/bd/top_design/ip/top_design_util_vector_logic_0_0/synth/top_design_util_vector_logic_0_0.v:57]
Finished RTL Elaboration : Time (s): cpu = 00:00:05 ; elapsed = 00:00:05 . Memory (MB): peak = 373.289 ; gain = 122.742
Finished RTL Optimization Phase 1 : Time (s): cpu = 00:00:05 ; elapsed = 00:00:05 . Memory (MB): peak = 373.289 ; gain = 122.742
INFO: [Device 21-403] Loading part xc7z010clg400-1
Constraint Validation Runtime : Time (s): cpu = 00:00:00 ; elapsed = 00:00:00.014 . Memory (MB): peak = 574.051 ; gain = 0.000
Finished Constraint Validation : Time (s): cpu = 00:00:15 ; elapsed = 00:00:15 . Memory (MB): peak = 574.051 ; gain = 323.504
Finished Loading Part and Timing Information : Time (s): cpu = 00:00:15 ; elapsed = 00:00:15 . Memory (MB): peak = 574.051 ; gain = 323.504
Finished applying 'set_property' XDC Constraints : Time (s): cpu = 00:00:15 ; elapsed = 00:00:15 . Memory (MB): peak = 574.051 ; gain = 323.504
Finished RTL Optimization Phase 2 : Time (s): cpu = 00:00:15 ; elapsed = 00:00:16 . Memory (MB): peak = 574.051 ; gain = 323.504
Finished Cross Boundary and Area Optimization : Time (s): cpu = 00:00:16 ; elapsed = 00:00:16 . Memory (MB): peak = 574.051 ; gain = 323.504
Finished Applying XDC Timing Constraints : Time (s): cpu = 00:00:29 ; elapsed = 00:00:29 . Memory (MB): peak = 634.984 ; gain = 384.438
Finished Timing Optimization : Time (s): cpu = 00:00:29 ; elapsed = 00:00:29 . Memory (MB): peak = 634.984 ; gain = 384.438
Finished Technology Mapping : Time (s): cpu = 00:00:29 ; elapsed = 00:00:29 . Memory (MB): peak = 645.129 ; gain = 394.582
Finished IO Insertion : Time (s): cpu = 00:00:30 ; elapsed = 00:00:30 . Memory (MB): peak = 645.129 ; gain = 394.582
Finished Renaming Generated Instances : Time (s): cpu = 00:00:30 ; elapsed = 00:00:30 . Memory (MB): peak = 645.129 ; gain = 394.582
Finished Rebuilding User Hierarchy : Time (s): cpu = 00:00:30 ; elapsed = 00:00:30 . Memory (MB): peak = 645.129 ; gain = 394.582
Finished Renaming Generated Ports : Time (s): cpu = 00:00:30 ; elapsed = 00:00:30 . Memory (MB): peak = 645.129 ; gain = 394.582
Finished Handling Custom Attributes : Time (s): cpu = 00:00:30 ; elapsed = 00:00:30 . Memory (MB): peak = 645.129 ; gain = 394.582
Finished Renaming Generated Nets : Time (s): cpu = 00:00:30 ; elapsed = 00:00:30 . Memory (MB): peak = 645.129 ; gain = 394.582

Report Cell Usage: 
+------+-----+------+
|      |Cell |Count |
+------+-----+------+
|1     |LUT2 |     1|
+------+-----+------+
Finished Writing Synthesis Report : Time (s): cpu = 00:00:30 ; elapsed = 00:00:30 . Memory (MB): peak = 645.129 ; gain = 394.582
synth_design: Time (s): cpu = 00:00:32 ; elapsed = 00:00:32 . Memory (MB): peak = 657.652 ; gain = 407.660
