17:22:17 **** Incremental Build of configuration Debug for project revA ****
make pre-build main-build 
a9-linaro-pre-build-step
' '
make: Nothing to be done for `main-build'.
17:24:02 **** Incremental Build of configuration Debug for project revA ****
make pre-build main-build 
a9-linaro-pre-build-step
' '
make: Nothing to be done for `main-build'.
17:28:42 **** Incremental Build of configuration Debug for project revA ****
make pre-build main-build 
a9-linaro-pre-build-step
' '
make: Nothing to be done for `main-build'.
17:29:07 **** Incremental Build of configuration Debug for project revA ****
make pre-build main-build 
a9-linaro-pre-build-step
' '
make: Nothing to be done for `main-build'.
17:40:10 **** Incremental Build of configuration Debug for project revA ****
make pre-build main-build 
a9-linaro-pre-build-step
' '
make: Nothing to be done for `main-build'.
18:26:46 **** Incremental Build of configuration Debug for project revA ****
make pre-build main-build 
a9-linaro-pre-build-step
' '
make: Nothing to be done for `main-build'.
18:46:42 **** Incremental Build of configuration Debug for project revA ****
make pre-build main-build 
a9-linaro-pre-build-step
' '
make: Nothing to be done for `main-build'.
18:52:26 **** Incremental Build of configuration Debug for project revA ****
make pre-build main-build 
a9-linaro-pre-build-step
' '
make: Nothing to be done for `main-build'.
18:55:03 **** Incremental Build of configuration Debug for project revA ****
make pre-build main-build 
a9-linaro-pre-build-step
' '
make: Nothing to be done for `main-build'.
19:22:30 **** Incremental Build of configuration Debug for project revA ****
make pre-build main-build 
a9-linaro-pre-build-step
' '
make: Nothing to be done for `main-build'.
19:24:49 **** Incremental Build of configuration Debug for project revA ****
make pre-build main-build 
a9-linaro-pre-build-step
' '
make: Nothing to be done for `main-build'.
19:36:45 **** Incremental Build of configuration Debug for project revA ****
make pre-build main-build 
a9-linaro-pre-build-step
' '
make: Nothing to be done for `main-build'.
19:38:45 **** Incremental Build of configuration Debug for project revA ****
make pre-build main-build 
a9-linaro-pre-build-step
' '
make: Nothing to be done for `main-build'.
19:19:40 **** Incremental Build of configuration Debug for project revA ****
make pre-build main-build 
a9-linaro-pre-build-step
' '
make: Nothing to be done for `main-build'.
16:47:59 **** Incremental Build of configuration Debug for project revA ****
make pre-build main-build 
a9-linaro-pre-build-step
' '
make: No se hace nada para `main-build'.
