21:20:30 INFO  : Registering command handlers for SDK TCF services
21:20:31 INFO  : Launching XSCT server: xsct.bat -interactive D:\Projects\3ph_f2f\vivado\3ph_f2f_revA\3ph_f2f_revA.sdk\temp_xsdb_launch_script.tcl
21:20:34 INFO  : XSCT server has started successfully.
21:20:34 INFO  : Successfully done setting XSCT server connection channel  
21:20:36 INFO  : Successfully done setting SDK workspace  
21:20:36 INFO  : Processing command line option -hwspec D:/Projects/3ph_f2f/vivado/3ph_f2f_revA/3ph_f2f_revA.sdk/top_design_wrapper.hdf.
17:23:42 INFO  : Connected to target on host '127.0.0.1' and port '3121'.
17:23:45 INFO  : 'targets -set -filter {jtag_cable_name =~ "Digilent Zybo 210279759341A" && level==0} -index 1' command is executed.
17:23:49 INFO  : FPGA configured successfully with bitstream "D:/Projects/3ph_f2f/vivado/3ph_f2f_revA/3ph_f2f_revA.sdk/top_design_wrapper_hw_platform_0/top_design_wrapper.bit"
17:24:03 INFO  : 'targets -set -filter {jtag_cable_name =~ "Digilent Zybo 210279759341A" && level==0} -index 1' command is executed.
17:24:03 INFO  : 'fpga -state' command is executed.
17:24:03 INFO  : Connected to target on host '127.0.0.1' and port '3121'.
17:24:03 INFO  : Jtag cable 'Digilent Zybo 210279759341A' is selected.
17:24:04 INFO  : 'jtag frequency' command is executed.
17:24:04 INFO  : Sourcing of 'D:/Projects/3ph_f2f/vivado/3ph_f2f_revA/3ph_f2f_revA.sdk/top_design_wrapper_hw_platform_0/ps7_init.tcl' is done.
17:24:04 INFO  : Context for 'APU' is selected.
17:24:04 INFO  : 'stop' command is executed.
17:24:11 INFO  : 'ps7_init' command is executed.
17:24:11 INFO  : 'ps7_post_config' command is executed.
17:24:11 INFO  : Context for processor 'ps7_cortexa9_0' is selected.
17:24:12 INFO  : Processor reset is completed for 'ps7_cortexa9_0'.
17:24:12 INFO  : Context for processor 'ps7_cortexa9_0' is selected.
17:24:12 INFO  : The application 'D:/Projects/3ph_f2f/vivado/3ph_f2f_revA/3ph_f2f_revA.sdk/revA/Debug/revA.elf' is downloaded to processor 'ps7_cortexa9_0'.
17:24:12 INFO  : ----------------XSDB Script----------------
connect -url tcp:127.0.0.1:3121
source D:/Projects/3ph_f2f/vivado/3ph_f2f_revA/3ph_f2f_revA.sdk/top_design_wrapper_hw_platform_0/ps7_init.tcl
targets -set -nocase -filter {name =~"APU*" && jtag_cable_name =~ "Digilent Zybo 210279759341A"} -index 0
stop
ps7_init
ps7_post_config
targets -set -nocase -filter {name =~ "ARM*#0" && jtag_cable_name =~ "Digilent Zybo 210279759341A"} -index 0
rst -processor
targets -set -nocase -filter {name =~ "ARM*#0" && jtag_cable_name =~ "Digilent Zybo 210279759341A"} -index 0
dow D:/Projects/3ph_f2f/vivado/3ph_f2f_revA/3ph_f2f_revA.sdk/revA/Debug/revA.elf
----------------End of Script----------------

17:24:12 INFO  : Memory regions updated for context APU
17:24:12 INFO  : Context for processor 'ps7_cortexa9_0' is selected.
17:24:13 INFO  : 'con' command is executed.
17:24:13 INFO  : ----------------XSDB Script (After Launch)----------------
targets -set -nocase -filter {name =~ "ARM*#0" && jtag_cable_name =~ "Digilent Zybo 210279759341A"} -index 0
con
----------------End of Script----------------

17:24:13 INFO  : Launch script is exported to file 'D:\Projects\3ph_f2f\vivado\3ph_f2f_revA\3ph_f2f_revA.sdk\.sdk\launch_scripts\xilinx_c-c++_application_(system_debugger)\system_debugger_using_debug_reva.elf_on_local.tcl'
17:28:45 INFO  : Disconnected from the channel tcfchan#1.
17:28:49 INFO  : 'targets -set -filter {jtag_cable_name =~ "Digilent Zybo 210279759341A" && level==0} -index 1' command is executed.
17:28:49 INFO  : 'fpga -state' command is executed.
17:28:53 INFO  : Memory regions updated for context APU
17:28:59 INFO  : Connected to target on host '127.0.0.1' and port '3121'.
17:29:01 INFO  : 'targets -set -filter {jtag_cable_name =~ "Digilent Zybo 210279759341A" && level==0} -index 1' command is executed.
17:29:02 INFO  : FPGA configured successfully with bitstream "D:/Projects/3ph_f2f/vivado/3ph_f2f_revA/3ph_f2f_revA.sdk/top_design_wrapper_hw_platform_0/top_design_wrapper.bit"
17:29:07 INFO  : 'targets -set -filter {jtag_cable_name =~ "Digilent Zybo 210279759341A" && level==0} -index 1' command is executed.
17:29:07 INFO  : 'fpga -state' command is executed.
17:29:07 INFO  : Connected to target on host '127.0.0.1' and port '3121'.
17:29:08 INFO  : Jtag cable 'Digilent Zybo 210279759341A' is selected.
17:29:08 INFO  : 'jtag frequency' command is executed.
17:29:08 INFO  : Sourcing of 'D:/Projects/3ph_f2f/vivado/3ph_f2f_revA/3ph_f2f_revA.sdk/top_design_wrapper_hw_platform_0/ps7_init.tcl' is done.
17:29:08 INFO  : Context for 'APU' is selected.
17:29:08 INFO  : 'stop' command is executed.
17:29:19 INFO  : 'ps7_init' command is executed.
17:29:19 INFO  : 'ps7_post_config' command is executed.
17:29:19 INFO  : Context for processor 'ps7_cortexa9_0' is selected.
17:29:19 INFO  : Processor reset is completed for 'ps7_cortexa9_0'.
17:29:19 INFO  : Context for processor 'ps7_cortexa9_0' is selected.
17:29:20 INFO  : The application 'D:/Projects/3ph_f2f/vivado/3ph_f2f_revA/3ph_f2f_revA.sdk/revA/Debug/revA.elf' is downloaded to processor 'ps7_cortexa9_0'.
17:29:20 INFO  : ----------------XSDB Script----------------
connect -url tcp:127.0.0.1:3121
source D:/Projects/3ph_f2f/vivado/3ph_f2f_revA/3ph_f2f_revA.sdk/top_design_wrapper_hw_platform_0/ps7_init.tcl
targets -set -nocase -filter {name =~"APU*" && jtag_cable_name =~ "Digilent Zybo 210279759341A"} -index 0
stop
ps7_init
ps7_post_config
targets -set -nocase -filter {name =~ "ARM*#0" && jtag_cable_name =~ "Digilent Zybo 210279759341A"} -index 0
rst -processor
targets -set -nocase -filter {name =~ "ARM*#0" && jtag_cable_name =~ "Digilent Zybo 210279759341A"} -index 0
dow D:/Projects/3ph_f2f/vivado/3ph_f2f_revA/3ph_f2f_revA.sdk/revA/Debug/revA.elf
----------------End of Script----------------

17:29:21 INFO  : Memory regions updated for context APU
17:29:21 INFO  : Context for processor 'ps7_cortexa9_0' is selected.
17:29:21 INFO  : 'con' command is executed.
17:29:21 INFO  : ----------------XSDB Script (After Launch)----------------
targets -set -nocase -filter {name =~ "ARM*#0" && jtag_cable_name =~ "Digilent Zybo 210279759341A"} -index 0
con
----------------End of Script----------------

17:29:21 INFO  : Launch script is exported to file 'D:\Projects\3ph_f2f\vivado\3ph_f2f_revA\3ph_f2f_revA.sdk\.sdk\launch_scripts\xilinx_c-c++_application_(system_debugger)\system_debugger_using_debug_reva.elf_on_local.tcl'
17:31:10 INFO  : Connected to target on host '127.0.0.1' and port '3121'.
17:40:01 INFO  : Connected to target on host '127.0.0.1' and port '3121'.
17:40:02 INFO  : 'targets -set -filter {jtag_cable_name =~ "Digilent Zybo 210279759341A" && level==0} -index 1' command is executed.
17:40:04 INFO  : FPGA configured successfully with bitstream "D:/Projects/3ph_f2f/vivado/3ph_f2f_revA/3ph_f2f_revA.sdk/top_design_wrapper_hw_platform_0/top_design_wrapper.bit"
17:40:10 INFO  : Disconnected from the channel tcfchan#2.
17:40:13 INFO  : 'targets -set -filter {jtag_cable_name =~ "Digilent Zybo 210279759341A" && level==0} -index 1' command is executed.
17:40:13 INFO  : 'fpga -state' command is executed.
17:40:13 INFO  : Connected to target on host '127.0.0.1' and port '3121'.
17:40:13 INFO  : Jtag cable 'Digilent Zybo 210279759341A' is selected.
17:40:13 INFO  : 'jtag frequency' command is executed.
17:40:13 INFO  : Sourcing of 'D:/Projects/3ph_f2f/vivado/3ph_f2f_revA/3ph_f2f_revA.sdk/top_design_wrapper_hw_platform_0/ps7_init.tcl' is done.
17:40:13 INFO  : Context for 'APU' is selected.
17:40:13 INFO  : 'stop' command is executed.
17:40:14 INFO  : 'ps7_init' command is executed.
17:40:15 INFO  : 'ps7_post_config' command is executed.
17:40:15 INFO  : Context for processor 'ps7_cortexa9_0' is selected.
17:40:15 INFO  : Processor reset is completed for 'ps7_cortexa9_0'.
17:40:15 INFO  : Context for processor 'ps7_cortexa9_0' is selected.
17:40:16 INFO  : The application 'D:/Projects/3ph_f2f/vivado/3ph_f2f_revA/3ph_f2f_revA.sdk/revA/Debug/revA.elf' is downloaded to processor 'ps7_cortexa9_0'.
17:40:16 INFO  : ----------------XSDB Script----------------
connect -url tcp:127.0.0.1:3121
source D:/Projects/3ph_f2f/vivado/3ph_f2f_revA/3ph_f2f_revA.sdk/top_design_wrapper_hw_platform_0/ps7_init.tcl
targets -set -nocase -filter {name =~"APU*" && jtag_cable_name =~ "Digilent Zybo 210279759341A"} -index 0
stop
ps7_init
ps7_post_config
targets -set -nocase -filter {name =~ "ARM*#0" && jtag_cable_name =~ "Digilent Zybo 210279759341A"} -index 0
rst -processor
targets -set -nocase -filter {name =~ "ARM*#0" && jtag_cable_name =~ "Digilent Zybo 210279759341A"} -index 0
dow D:/Projects/3ph_f2f/vivado/3ph_f2f_revA/3ph_f2f_revA.sdk/revA/Debug/revA.elf
----------------End of Script----------------

17:40:16 INFO  : Memory regions updated for context APU
17:40:16 INFO  : Context for processor 'ps7_cortexa9_0' is selected.
17:40:16 INFO  : 'con' command is executed.
17:40:16 INFO  : ----------------XSDB Script (After Launch)----------------
targets -set -nocase -filter {name =~ "ARM*#0" && jtag_cable_name =~ "Digilent Zybo 210279759341A"} -index 0
con
----------------End of Script----------------

17:40:16 INFO  : Launch script is exported to file 'D:\Projects\3ph_f2f\vivado\3ph_f2f_revA\3ph_f2f_revA.sdk\.sdk\launch_scripts\xilinx_c-c++_application_(system_debugger)\system_debugger_using_debug_reva.elf_on_local.tcl'
18:22:33 INFO  : Disconnected from the channel tcfchan#3.
18:25:25 INFO  : Registering command handlers for SDK TCF services
18:25:25 INFO  : Launching XSCT server: xsct.bat -interactive D:\Projects\3ph_f2f\vivado\3ph_f2f_revA\3ph_f2f_revA.sdk\temp_xsdb_launch_script.tcl
18:25:27 INFO  : XSCT server has started successfully.
18:25:27 INFO  : Successfully done setting XSCT server connection channel  
18:25:29 INFO  : Successfully done setting SDK workspace  
18:25:35 INFO  : Connected to target on host '127.0.0.1' and port '3121'.
18:25:40 INFO  : 'targets -set -filter {jtag_cable_name =~ "Digilent Zybo 210279759341A" && level==0} -index 1' command is executed.
18:25:42 INFO  : FPGA configured successfully with bitstream "D:/Projects/3ph_f2f/vivado/3ph_f2f_revA/3ph_f2f_revA.sdk/top_design_wrapper_hw_platform_0/top_design_wrapper.bit"
18:26:48 INFO  : 'targets -set -filter {jtag_cable_name =~ "Digilent Zybo 210279759341A" && level==0} -index 1' command is executed.
18:26:48 INFO  : 'fpga -state' command is executed.
18:26:48 INFO  : Connected to target on host '127.0.0.1' and port '3121'.
18:26:49 INFO  : Jtag cable 'Digilent Zybo 210279759341A' is selected.
18:26:49 INFO  : 'jtag frequency' command is executed.
18:26:49 INFO  : Sourcing of 'D:/Projects/3ph_f2f/vivado/3ph_f2f_revA/3ph_f2f_revA.sdk/top_design_wrapper_hw_platform_0/ps7_init.tcl' is done.
18:26:49 INFO  : Context for 'APU' is selected.
18:26:49 INFO  : 'stop' command is executed.
18:26:52 INFO  : 'ps7_init' command is executed.
18:26:52 INFO  : 'ps7_post_config' command is executed.
18:26:52 INFO  : Context for processor 'ps7_cortexa9_0' is selected.
18:26:52 INFO  : Processor reset is completed for 'ps7_cortexa9_0'.
18:26:52 INFO  : Context for processor 'ps7_cortexa9_0' is selected.
18:26:53 INFO  : The application 'D:/Projects/3ph_f2f/vivado/3ph_f2f_revA/3ph_f2f_revA.sdk/revA/Debug/revA.elf' is downloaded to processor 'ps7_cortexa9_0'.
18:26:53 INFO  : ----------------XSDB Script----------------
connect -url tcp:127.0.0.1:3121
source D:/Projects/3ph_f2f/vivado/3ph_f2f_revA/3ph_f2f_revA.sdk/top_design_wrapper_hw_platform_0/ps7_init.tcl
targets -set -nocase -filter {name =~"APU*" && jtag_cable_name =~ "Digilent Zybo 210279759341A"} -index 0
stop
ps7_init
ps7_post_config
targets -set -nocase -filter {name =~ "ARM*#0" && jtag_cable_name =~ "Digilent Zybo 210279759341A"} -index 0
rst -processor
targets -set -nocase -filter {name =~ "ARM*#0" && jtag_cable_name =~ "Digilent Zybo 210279759341A"} -index 0
dow D:/Projects/3ph_f2f/vivado/3ph_f2f_revA/3ph_f2f_revA.sdk/revA/Debug/revA.elf
----------------End of Script----------------

18:26:54 INFO  : Memory regions updated for context APU
18:26:54 INFO  : Context for processor 'ps7_cortexa9_0' is selected.
18:26:55 INFO  : 'con' command is executed.
18:26:55 INFO  : ----------------XSDB Script (After Launch)----------------
targets -set -nocase -filter {name =~ "ARM*#0" && jtag_cable_name =~ "Digilent Zybo 210279759341A"} -index 0
con
----------------End of Script----------------

18:26:55 INFO  : Launch script is exported to file 'D:\Projects\3ph_f2f\vivado\3ph_f2f_revA\3ph_f2f_revA.sdk\.sdk\launch_scripts\xilinx_c-c++_application_(system_debugger)\system_debugger_using_debug_reva.elf_on_local.tcl'
18:46:23 INFO  : Connected to target on host '127.0.0.1' and port '3121'.
18:46:24 INFO  : 'targets -set -filter {jtag_cable_name =~ "Digilent Zybo 210279759341A" && level==0} -index 1' command is executed.
18:46:27 INFO  : FPGA configured successfully with bitstream "D:/Projects/3ph_f2f/vivado/3ph_f2f_revA/3ph_f2f_revA.sdk/top_design_wrapper_hw_platform_0/top_design_wrapper.bit"
18:46:42 INFO  : Disconnected from the channel tcfchan#1.
18:46:45 INFO  : 'targets -set -filter {jtag_cable_name =~ "Digilent Zybo 210279759341A" && level==0} -index 1' command is executed.
18:46:45 INFO  : 'fpga -state' command is executed.
18:46:45 INFO  : Connected to target on host '127.0.0.1' and port '3121'.
18:46:45 INFO  : Jtag cable 'Digilent Zybo 210279759341A' is selected.
18:46:46 INFO  : 'jtag frequency' command is executed.
18:46:46 INFO  : Sourcing of 'D:/Projects/3ph_f2f/vivado/3ph_f2f_revA/3ph_f2f_revA.sdk/top_design_wrapper_hw_platform_0/ps7_init.tcl' is done.
18:46:47 INFO  : Context for 'APU' is selected.
18:46:47 INFO  : 'stop' command is executed.
18:46:55 INFO  : 'ps7_init' command is executed.
18:46:55 INFO  : 'ps7_post_config' command is executed.
18:46:56 INFO  : Context for processor 'ps7_cortexa9_0' is selected.
18:46:56 INFO  : Processor reset is completed for 'ps7_cortexa9_0'.
18:46:56 INFO  : Context for processor 'ps7_cortexa9_0' is selected.
18:46:57 INFO  : The application 'D:/Projects/3ph_f2f/vivado/3ph_f2f_revA/3ph_f2f_revA.sdk/revA/Debug/revA.elf' is downloaded to processor 'ps7_cortexa9_0'.
18:46:57 INFO  : ----------------XSDB Script----------------
connect -url tcp:127.0.0.1:3121
source D:/Projects/3ph_f2f/vivado/3ph_f2f_revA/3ph_f2f_revA.sdk/top_design_wrapper_hw_platform_0/ps7_init.tcl
targets -set -nocase -filter {name =~"APU*" && jtag_cable_name =~ "Digilent Zybo 210279759341A"} -index 0
stop
ps7_init
ps7_post_config
targets -set -nocase -filter {name =~ "ARM*#0" && jtag_cable_name =~ "Digilent Zybo 210279759341A"} -index 0
rst -processor
targets -set -nocase -filter {name =~ "ARM*#0" && jtag_cable_name =~ "Digilent Zybo 210279759341A"} -index 0
dow D:/Projects/3ph_f2f/vivado/3ph_f2f_revA/3ph_f2f_revA.sdk/revA/Debug/revA.elf
----------------End of Script----------------

18:46:57 INFO  : Memory regions updated for context APU
18:46:57 INFO  : Context for processor 'ps7_cortexa9_0' is selected.
18:46:58 INFO  : 'con' command is executed.
18:46:58 INFO  : ----------------XSDB Script (After Launch)----------------
targets -set -nocase -filter {name =~ "ARM*#0" && jtag_cable_name =~ "Digilent Zybo 210279759341A"} -index 0
con
----------------End of Script----------------

18:46:58 INFO  : Launch script is exported to file 'D:\Projects\3ph_f2f\vivado\3ph_f2f_revA\3ph_f2f_revA.sdk\.sdk\launch_scripts\xilinx_c-c++_application_(system_debugger)\system_debugger_using_debug_reva.elf_on_local.tcl'
18:52:05 INFO  : Connected to target on host '127.0.0.1' and port '3121'.
18:52:06 INFO  : 'targets -set -filter {jtag_cable_name =~ "Digilent Zybo 210279759341A" && level==0} -index 1' command is executed.
18:52:09 INFO  : FPGA configured successfully with bitstream "D:/Projects/3ph_f2f/vivado/3ph_f2f_revA/3ph_f2f_revA.sdk/top_design_wrapper_hw_platform_0/top_design_wrapper.bit"
18:52:26 INFO  : Disconnected from the channel tcfchan#2.
18:52:29 INFO  : 'targets -set -filter {jtag_cable_name =~ "Digilent Zybo 210279759341A" && level==0} -index 1' command is executed.
18:52:29 INFO  : 'fpga -state' command is executed.
18:52:29 INFO  : Connected to target on host '127.0.0.1' and port '3121'.
18:52:30 INFO  : Jtag cable 'Digilent Zybo 210279759341A' is selected.
18:52:30 INFO  : 'jtag frequency' command is executed.
18:52:30 INFO  : Sourcing of 'D:/Projects/3ph_f2f/vivado/3ph_f2f_revA/3ph_f2f_revA.sdk/top_design_wrapper_hw_platform_0/ps7_init.tcl' is done.
18:52:30 INFO  : Context for 'APU' is selected.
18:52:30 INFO  : 'stop' command is executed.
18:52:40 INFO  : 'ps7_init' command is executed.
18:52:41 INFO  : 'ps7_post_config' command is executed.
18:52:41 INFO  : Context for processor 'ps7_cortexa9_0' is selected.
18:52:41 INFO  : Processor reset is completed for 'ps7_cortexa9_0'.
18:52:41 INFO  : Context for processor 'ps7_cortexa9_0' is selected.
18:52:41 INFO  : The application 'D:/Projects/3ph_f2f/vivado/3ph_f2f_revA/3ph_f2f_revA.sdk/revA/Debug/revA.elf' is downloaded to processor 'ps7_cortexa9_0'.
18:52:41 INFO  : ----------------XSDB Script----------------
connect -url tcp:127.0.0.1:3121
source D:/Projects/3ph_f2f/vivado/3ph_f2f_revA/3ph_f2f_revA.sdk/top_design_wrapper_hw_platform_0/ps7_init.tcl
targets -set -nocase -filter {name =~"APU*" && jtag_cable_name =~ "Digilent Zybo 210279759341A"} -index 0
stop
ps7_init
ps7_post_config
targets -set -nocase -filter {name =~ "ARM*#0" && jtag_cable_name =~ "Digilent Zybo 210279759341A"} -index 0
rst -processor
targets -set -nocase -filter {name =~ "ARM*#0" && jtag_cable_name =~ "Digilent Zybo 210279759341A"} -index 0
dow D:/Projects/3ph_f2f/vivado/3ph_f2f_revA/3ph_f2f_revA.sdk/revA/Debug/revA.elf
----------------End of Script----------------

18:52:42 INFO  : Memory regions updated for context APU
18:52:44 INFO  : Context for processor 'ps7_cortexa9_0' is selected.
18:52:44 INFO  : 'con' command is executed.
18:52:44 INFO  : ----------------XSDB Script (After Launch)----------------
targets -set -nocase -filter {name =~ "ARM*#0" && jtag_cable_name =~ "Digilent Zybo 210279759341A"} -index 0
con
----------------End of Script----------------

18:52:44 INFO  : Launch script is exported to file 'D:\Projects\3ph_f2f\vivado\3ph_f2f_revA\3ph_f2f_revA.sdk\.sdk\launch_scripts\xilinx_c-c++_application_(system_debugger)\system_debugger_using_debug_reva.elf_on_local.tcl'
18:54:46 INFO  : Connected to target on host '127.0.0.1' and port '3121'.
18:54:48 INFO  : 'targets -set -filter {jtag_cable_name =~ "Digilent Zybo 210279759341A" && level==0} -index 1' command is executed.
18:54:50 INFO  : FPGA configured successfully with bitstream "D:/Projects/3ph_f2f/vivado/3ph_f2f_revA/3ph_f2f_revA.sdk/top_design_wrapper_hw_platform_0/top_design_wrapper.bit"
18:55:03 INFO  : Disconnected from the channel tcfchan#3.
18:55:05 INFO  : 'targets -set -filter {jtag_cable_name =~ "Digilent Zybo 210279759341A" && level==0} -index 1' command is executed.
18:55:06 INFO  : 'fpga -state' command is executed.
18:55:06 INFO  : Connected to target on host '127.0.0.1' and port '3121'.
18:55:06 INFO  : Jtag cable 'Digilent Zybo 210279759341A' is selected.
18:55:07 INFO  : 'jtag frequency' command is executed.
18:55:07 INFO  : Sourcing of 'D:/Projects/3ph_f2f/vivado/3ph_f2f_revA/3ph_f2f_revA.sdk/top_design_wrapper_hw_platform_0/ps7_init.tcl' is done.
18:55:07 INFO  : Context for 'APU' is selected.
18:55:09 INFO  : 'stop' command is executed.
18:55:11 INFO  : 'ps7_init' command is executed.
18:55:11 INFO  : 'ps7_post_config' command is executed.
18:55:11 INFO  : Context for processor 'ps7_cortexa9_0' is selected.
18:55:12 INFO  : Processor reset is completed for 'ps7_cortexa9_0'.
18:55:12 INFO  : Context for processor 'ps7_cortexa9_0' is selected.
18:55:12 INFO  : The application 'D:/Projects/3ph_f2f/vivado/3ph_f2f_revA/3ph_f2f_revA.sdk/revA/Debug/revA.elf' is downloaded to processor 'ps7_cortexa9_0'.
18:55:12 INFO  : ----------------XSDB Script----------------
connect -url tcp:127.0.0.1:3121
source D:/Projects/3ph_f2f/vivado/3ph_f2f_revA/3ph_f2f_revA.sdk/top_design_wrapper_hw_platform_0/ps7_init.tcl
targets -set -nocase -filter {name =~"APU*" && jtag_cable_name =~ "Digilent Zybo 210279759341A"} -index 0
stop
ps7_init
ps7_post_config
targets -set -nocase -filter {name =~ "ARM*#0" && jtag_cable_name =~ "Digilent Zybo 210279759341A"} -index 0
rst -processor
targets -set -nocase -filter {name =~ "ARM*#0" && jtag_cable_name =~ "Digilent Zybo 210279759341A"} -index 0
dow D:/Projects/3ph_f2f/vivado/3ph_f2f_revA/3ph_f2f_revA.sdk/revA/Debug/revA.elf
----------------End of Script----------------

18:55:13 INFO  : Memory regions updated for context APU
18:55:17 INFO  : Context for processor 'ps7_cortexa9_0' is selected.
18:55:17 INFO  : 'con' command is executed.
18:55:17 INFO  : ----------------XSDB Script (After Launch)----------------
targets -set -nocase -filter {name =~ "ARM*#0" && jtag_cable_name =~ "Digilent Zybo 210279759341A"} -index 0
con
----------------End of Script----------------

18:55:17 INFO  : Launch script is exported to file 'D:\Projects\3ph_f2f\vivado\3ph_f2f_revA\3ph_f2f_revA.sdk\.sdk\launch_scripts\xilinx_c-c++_application_(system_debugger)\system_debugger_using_debug_reva.elf_on_local.tcl'
19:13:09 INFO  : Launching XSCT server: xsct.bat -interactive D:\Projects\3ph_f2f\vivado\3ph_f2f_revA\3ph_f2f_revA.sdk\temp_xsdb_launch_script.tcl
19:20:59 INFO  : Registering command handlers for SDK TCF services
19:20:59 INFO  : Launching XSCT server: xsct.bat -interactive D:\Projects\3ph_f2f\vivado\3ph_f2f_revA\3ph_f2f_revA.sdk\temp_xsdb_launch_script.tcl
19:21:01 INFO  : XSCT server has started successfully.
19:21:04 INFO  : Successfully done setting XSCT server connection channel  
19:21:04 INFO  : Successfully done setting SDK workspace  
19:21:27 INFO  : Connected to target on host '127.0.0.1' and port '3121'.
19:21:29 INFO  : 'targets -set -filter {jtag_cable_name =~ "Digilent Zybo 210279759341A" && level==0} -index 1' command is executed.
19:21:30 INFO  : FPGA configured successfully with bitstream "D:/Projects/3ph_f2f/vivado/3ph_f2f_revA/3ph_f2f_revA.sdk/top_design_wrapper_hw_platform_0/top_design_wrapper.bit"
19:22:32 INFO  : 'targets -set -filter {jtag_cable_name =~ "Digilent Zybo 210279759341A" && level==0} -index 1' command is executed.
19:22:32 INFO  : 'fpga -state' command is executed.
19:22:32 INFO  : Connected to target on host '127.0.0.1' and port '3121'.
19:22:32 INFO  : Jtag cable 'Digilent Zybo 210279759341A' is selected.
19:22:32 INFO  : 'jtag frequency' command is executed.
19:22:32 INFO  : Sourcing of 'D:/Projects/3ph_f2f/vivado/3ph_f2f_revA/3ph_f2f_revA.sdk/top_design_wrapper_hw_platform_0/ps7_init.tcl' is done.
19:22:32 INFO  : Context for 'APU' is selected.
19:22:32 INFO  : 'stop' command is executed.
19:22:32 INFO  : 'ps7_init' command is executed.
19:22:32 INFO  : 'ps7_post_config' command is executed.
19:22:32 INFO  : Context for processor 'ps7_cortexa9_0' is selected.
19:22:32 INFO  : Processor reset is completed for 'ps7_cortexa9_0'.
19:22:32 INFO  : Context for processor 'ps7_cortexa9_0' is selected.
19:22:33 INFO  : The application 'D:/Projects/3ph_f2f/vivado/3ph_f2f_revA/3ph_f2f_revA.sdk/revA/Debug/revA.elf' is downloaded to processor 'ps7_cortexa9_0'.
19:22:33 INFO  : ----------------XSDB Script----------------
connect -url tcp:127.0.0.1:3121
source D:/Projects/3ph_f2f/vivado/3ph_f2f_revA/3ph_f2f_revA.sdk/top_design_wrapper_hw_platform_0/ps7_init.tcl
targets -set -nocase -filter {name =~"APU*" && jtag_cable_name =~ "Digilent Zybo 210279759341A"} -index 0
stop
ps7_init
ps7_post_config
targets -set -nocase -filter {name =~ "ARM*#0" && jtag_cable_name =~ "Digilent Zybo 210279759341A"} -index 0
rst -processor
targets -set -nocase -filter {name =~ "ARM*#0" && jtag_cable_name =~ "Digilent Zybo 210279759341A"} -index 0
dow D:/Projects/3ph_f2f/vivado/3ph_f2f_revA/3ph_f2f_revA.sdk/revA/Debug/revA.elf
----------------End of Script----------------

19:22:33 INFO  : Memory regions updated for context APU
19:22:33 INFO  : Context for processor 'ps7_cortexa9_0' is selected.
19:22:33 INFO  : 'con' command is executed.
19:22:33 INFO  : ----------------XSDB Script (After Launch)----------------
targets -set -nocase -filter {name =~ "ARM*#0" && jtag_cable_name =~ "Digilent Zybo 210279759341A"} -index 0
con
----------------End of Script----------------

19:22:33 INFO  : Launch script is exported to file 'D:\Projects\3ph_f2f\vivado\3ph_f2f_revA\3ph_f2f_revA.sdk\.sdk\launch_scripts\xilinx_c-c++_application_(system_debugger)\system_debugger_using_debug_reva.elf_on_local.tcl'
19:24:40 INFO  : Connected to target on host '127.0.0.1' and port '3121'.
19:24:44 INFO  : 'targets -set -filter {jtag_cable_name =~ "Digilent Zybo 210279759341A" && level==0} -index 1' command is executed.
19:24:45 INFO  : FPGA configured successfully with bitstream "D:/Projects/3ph_f2f/vivado/3ph_f2f_revA/3ph_f2f_revA.sdk/top_design_wrapper_hw_platform_0/top_design_wrapper.bit"
19:24:49 INFO  : Disconnected from the channel tcfchan#1.
19:24:50 INFO  : 'targets -set -filter {jtag_cable_name =~ "Digilent Zybo 210279759341A" && level==0} -index 1' command is executed.
19:24:50 INFO  : 'fpga -state' command is executed.
19:24:50 INFO  : Connected to target on host '127.0.0.1' and port '3121'.
19:24:50 INFO  : Jtag cable 'Digilent Zybo 210279759341A' is selected.
19:24:50 INFO  : 'jtag frequency' command is executed.
19:24:50 INFO  : Sourcing of 'D:/Projects/3ph_f2f/vivado/3ph_f2f_revA/3ph_f2f_revA.sdk/top_design_wrapper_hw_platform_0/ps7_init.tcl' is done.
19:24:50 INFO  : Context for 'APU' is selected.
19:24:50 INFO  : 'stop' command is executed.
19:24:51 INFO  : 'ps7_init' command is executed.
19:24:51 INFO  : 'ps7_post_config' command is executed.
19:24:51 INFO  : Context for processor 'ps7_cortexa9_0' is selected.
19:24:51 INFO  : Processor reset is completed for 'ps7_cortexa9_0'.
19:24:51 INFO  : Context for processor 'ps7_cortexa9_0' is selected.
19:24:51 INFO  : The application 'D:/Projects/3ph_f2f/vivado/3ph_f2f_revA/3ph_f2f_revA.sdk/revA/Debug/revA.elf' is downloaded to processor 'ps7_cortexa9_0'.
19:24:51 INFO  : ----------------XSDB Script----------------
connect -url tcp:127.0.0.1:3121
source D:/Projects/3ph_f2f/vivado/3ph_f2f_revA/3ph_f2f_revA.sdk/top_design_wrapper_hw_platform_0/ps7_init.tcl
targets -set -nocase -filter {name =~"APU*" && jtag_cable_name =~ "Digilent Zybo 210279759341A"} -index 0
stop
ps7_init
ps7_post_config
targets -set -nocase -filter {name =~ "ARM*#0" && jtag_cable_name =~ "Digilent Zybo 210279759341A"} -index 0
rst -processor
targets -set -nocase -filter {name =~ "ARM*#0" && jtag_cable_name =~ "Digilent Zybo 210279759341A"} -index 0
dow D:/Projects/3ph_f2f/vivado/3ph_f2f_revA/3ph_f2f_revA.sdk/revA/Debug/revA.elf
----------------End of Script----------------

19:24:51 INFO  : Memory regions updated for context APU
19:24:51 INFO  : Context for processor 'ps7_cortexa9_0' is selected.
19:24:51 INFO  : 'con' command is executed.
19:24:51 INFO  : ----------------XSDB Script (After Launch)----------------
targets -set -nocase -filter {name =~ "ARM*#0" && jtag_cable_name =~ "Digilent Zybo 210279759341A"} -index 0
con
----------------End of Script----------------

19:24:51 INFO  : Launch script is exported to file 'D:\Projects\3ph_f2f\vivado\3ph_f2f_revA\3ph_f2f_revA.sdk\.sdk\launch_scripts\xilinx_c-c++_application_(system_debugger)\system_debugger_using_debug_reva.elf_on_local.tcl'
19:35:22 INFO  : Connected to target on host '127.0.0.1' and port '3121'.
19:35:22 INFO  : 'targets -set -filter {jtag_cable_name =~ "Digilent Zybo 210279759341A" && level==0} -index 1' command is executed.
19:35:24 INFO  : FPGA configured successfully with bitstream "D:/Projects/3ph_f2f/vivado/3ph_f2f_revA/3ph_f2f_revA.sdk/top_design_wrapper_hw_platform_0/top_design_wrapper.bit"
19:36:45 INFO  : Disconnected from the channel tcfchan#2.
19:36:46 INFO  : 'targets -set -filter {jtag_cable_name =~ "Digilent Zybo 210279759341A" && level==0} -index 1' command is executed.
19:36:46 INFO  : 'fpga -state' command is executed.
19:36:46 INFO  : Connected to target on host '127.0.0.1' and port '3121'.
19:36:46 INFO  : Jtag cable 'Digilent Zybo 210279759341A' is selected.
19:36:46 INFO  : 'jtag frequency' command is executed.
19:36:46 INFO  : Sourcing of 'D:/Projects/3ph_f2f/vivado/3ph_f2f_revA/3ph_f2f_revA.sdk/top_design_wrapper_hw_platform_0/ps7_init.tcl' is done.
19:36:46 INFO  : Context for 'APU' is selected.
19:36:46 INFO  : 'stop' command is executed.
19:36:47 INFO  : 'ps7_init' command is executed.
19:36:47 INFO  : 'ps7_post_config' command is executed.
19:36:47 INFO  : Context for processor 'ps7_cortexa9_0' is selected.
19:36:47 INFO  : Processor reset is completed for 'ps7_cortexa9_0'.
19:36:47 INFO  : Context for processor 'ps7_cortexa9_0' is selected.
19:36:47 INFO  : The application 'D:/Projects/3ph_f2f/vivado/3ph_f2f_revA/3ph_f2f_revA.sdk/revA/Debug/revA.elf' is downloaded to processor 'ps7_cortexa9_0'.
19:36:47 INFO  : ----------------XSDB Script----------------
connect -url tcp:127.0.0.1:3121
source D:/Projects/3ph_f2f/vivado/3ph_f2f_revA/3ph_f2f_revA.sdk/top_design_wrapper_hw_platform_0/ps7_init.tcl
targets -set -nocase -filter {name =~"APU*" && jtag_cable_name =~ "Digilent Zybo 210279759341A"} -index 0
stop
ps7_init
ps7_post_config
targets -set -nocase -filter {name =~ "ARM*#0" && jtag_cable_name =~ "Digilent Zybo 210279759341A"} -index 0
rst -processor
targets -set -nocase -filter {name =~ "ARM*#0" && jtag_cable_name =~ "Digilent Zybo 210279759341A"} -index 0
dow D:/Projects/3ph_f2f/vivado/3ph_f2f_revA/3ph_f2f_revA.sdk/revA/Debug/revA.elf
----------------End of Script----------------

19:36:47 INFO  : Memory regions updated for context APU
19:36:47 INFO  : Context for processor 'ps7_cortexa9_0' is selected.
19:36:47 INFO  : 'con' command is executed.
19:36:47 INFO  : ----------------XSDB Script (After Launch)----------------
targets -set -nocase -filter {name =~ "ARM*#0" && jtag_cable_name =~ "Digilent Zybo 210279759341A"} -index 0
con
----------------End of Script----------------

19:36:47 INFO  : Launch script is exported to file 'D:\Projects\3ph_f2f\vivado\3ph_f2f_revA\3ph_f2f_revA.sdk\.sdk\launch_scripts\xilinx_c-c++_application_(system_debugger)\system_debugger_using_debug_reva.elf_on_local.tcl'
19:38:23 INFO  : Connected to target on host '127.0.0.1' and port '3121'.
19:38:25 INFO  : 'targets -set -filter {jtag_cable_name =~ "Digilent Zybo 210279759341A" && level==0} -index 1' command is executed.
19:38:27 INFO  : FPGA configured successfully with bitstream "D:/Projects/3ph_f2f/vivado/3ph_f2f_revA/3ph_f2f_revA.sdk/top_design_wrapper_hw_platform_0/top_design_wrapper.bit"
19:38:46 INFO  : Disconnected from the channel tcfchan#3.
19:38:47 INFO  : 'targets -set -filter {jtag_cable_name =~ "Digilent Zybo 210279759341A" && level==0} -index 1' command is executed.
19:38:47 INFO  : 'fpga -state' command is executed.
19:38:47 INFO  : Connected to target on host '127.0.0.1' and port '3121'.
19:38:47 INFO  : Jtag cable 'Digilent Zybo 210279759341A' is selected.
19:38:47 INFO  : 'jtag frequency' command is executed.
19:38:47 INFO  : Sourcing of 'D:/Projects/3ph_f2f/vivado/3ph_f2f_revA/3ph_f2f_revA.sdk/top_design_wrapper_hw_platform_0/ps7_init.tcl' is done.
19:38:47 INFO  : Context for 'APU' is selected.
19:38:47 INFO  : 'stop' command is executed.
19:38:47 INFO  : 'ps7_init' command is executed.
19:38:48 INFO  : 'ps7_post_config' command is executed.
19:38:48 INFO  : Context for processor 'ps7_cortexa9_0' is selected.
19:38:48 INFO  : Processor reset is completed for 'ps7_cortexa9_0'.
19:38:48 INFO  : Context for processor 'ps7_cortexa9_0' is selected.
19:38:48 INFO  : The application 'D:/Projects/3ph_f2f/vivado/3ph_f2f_revA/3ph_f2f_revA.sdk/revA/Debug/revA.elf' is downloaded to processor 'ps7_cortexa9_0'.
19:38:48 INFO  : ----------------XSDB Script----------------
connect -url tcp:127.0.0.1:3121
source D:/Projects/3ph_f2f/vivado/3ph_f2f_revA/3ph_f2f_revA.sdk/top_design_wrapper_hw_platform_0/ps7_init.tcl
targets -set -nocase -filter {name =~"APU*" && jtag_cable_name =~ "Digilent Zybo 210279759341A"} -index 0
stop
ps7_init
ps7_post_config
targets -set -nocase -filter {name =~ "ARM*#0" && jtag_cable_name =~ "Digilent Zybo 210279759341A"} -index 0
rst -processor
targets -set -nocase -filter {name =~ "ARM*#0" && jtag_cable_name =~ "Digilent Zybo 210279759341A"} -index 0
dow D:/Projects/3ph_f2f/vivado/3ph_f2f_revA/3ph_f2f_revA.sdk/revA/Debug/revA.elf
----------------End of Script----------------

19:38:48 INFO  : Memory regions updated for context APU
19:38:48 INFO  : Context for processor 'ps7_cortexa9_0' is selected.
19:38:48 INFO  : 'con' command is executed.
19:38:48 INFO  : ----------------XSDB Script (After Launch)----------------
targets -set -nocase -filter {name =~ "ARM*#0" && jtag_cable_name =~ "Digilent Zybo 210279759341A"} -index 0
con
----------------End of Script----------------

19:38:48 INFO  : Launch script is exported to file 'D:\Projects\3ph_f2f\vivado\3ph_f2f_revA\3ph_f2f_revA.sdk\.sdk\launch_scripts\xilinx_c-c++_application_(system_debugger)\system_debugger_using_debug_reva.elf_on_local.tcl'
19:19:25 INFO  : Connected to target on host '127.0.0.1' and port '3121'.
19:19:26 INFO  : 'targets -set -filter {jtag_cable_name =~ "Digilent Zybo 210279759341A" && level==0} -index 1' command is executed.
19:19:28 INFO  : FPGA configured successfully with bitstream "D:/Projects/3ph_f2f/vivado/3ph_f2f_revA/3ph_f2f_revA.sdk/top_design_wrapper_hw_platform_0/top_design_wrapper.bit"
19:19:41 INFO  : Disconnected from the channel tcfchan#4.
19:19:42 INFO  : 'targets -set -filter {jtag_cable_name =~ "Digilent Zybo 210279759341A" && level==0} -index 1' command is executed.
19:19:42 INFO  : 'fpga -state' command is executed.
19:19:42 INFO  : Connected to target on host '127.0.0.1' and port '3121'.
19:19:42 INFO  : Jtag cable 'Digilent Zybo 210279759341A' is selected.
19:19:42 INFO  : 'jtag frequency' command is executed.
19:19:43 INFO  : Sourcing of 'D:/Projects/3ph_f2f/vivado/3ph_f2f_revA/3ph_f2f_revA.sdk/top_design_wrapper_hw_platform_0/ps7_init.tcl' is done.
19:19:43 INFO  : Context for 'APU' is selected.
19:19:43 INFO  : 'stop' command is executed.
19:19:43 INFO  : 'ps7_init' command is executed.
19:19:43 INFO  : 'ps7_post_config' command is executed.
19:19:43 INFO  : Context for processor 'ps7_cortexa9_0' is selected.
19:19:43 INFO  : Processor reset is completed for 'ps7_cortexa9_0'.
19:19:43 INFO  : Context for processor 'ps7_cortexa9_0' is selected.
19:19:43 INFO  : The application 'D:/Projects/3ph_f2f/vivado/3ph_f2f_revA/3ph_f2f_revA.sdk/revA/Debug/revA.elf' is downloaded to processor 'ps7_cortexa9_0'.
19:19:43 INFO  : ----------------XSDB Script----------------
connect -url tcp:127.0.0.1:3121
source D:/Projects/3ph_f2f/vivado/3ph_f2f_revA/3ph_f2f_revA.sdk/top_design_wrapper_hw_platform_0/ps7_init.tcl
targets -set -nocase -filter {name =~"APU*" && jtag_cable_name =~ "Digilent Zybo 210279759341A"} -index 0
stop
ps7_init
ps7_post_config
targets -set -nocase -filter {name =~ "ARM*#0" && jtag_cable_name =~ "Digilent Zybo 210279759341A"} -index 0
rst -processor
targets -set -nocase -filter {name =~ "ARM*#0" && jtag_cable_name =~ "Digilent Zybo 210279759341A"} -index 0
dow D:/Projects/3ph_f2f/vivado/3ph_f2f_revA/3ph_f2f_revA.sdk/revA/Debug/revA.elf
----------------End of Script----------------

19:19:43 INFO  : Memory regions updated for context APU
19:19:43 INFO  : Context for processor 'ps7_cortexa9_0' is selected.
19:19:43 INFO  : 'con' command is executed.
19:19:43 INFO  : ----------------XSDB Script (After Launch)----------------
targets -set -nocase -filter {name =~ "ARM*#0" && jtag_cable_name =~ "Digilent Zybo 210279759341A"} -index 0
con
----------------End of Script----------------

19:19:43 INFO  : Launch script is exported to file 'D:\Projects\3ph_f2f\vivado\3ph_f2f_revA\3ph_f2f_revA.sdk\.sdk\launch_scripts\xilinx_c-c++_application_(system_debugger)\system_debugger_using_debug_reva.elf_on_local.tcl'
18:29:26 INFO  : Launching XSCT server: xsct.bat -interactive D:\Projects\3ph_f2f\vivado\3ph_f2f_revA\3ph_f2f_revA.sdk\temp_xsdb_launch_script.tcl
14:45:43 INFO  : Registering command handlers for SDK TCF services
14:45:43 INFO  : Launching XSCT server: xsct.bat -interactive D:\Projects\3ph_f2f\vivado\3ph_f2f_revA\3ph_f2f_revA.sdk\temp_xsdb_launch_script.tcl
14:45:44 INFO  : XSCT server has started successfully.
14:45:44 INFO  : Successfully done setting XSCT server connection channel  
14:45:46 INFO  : Successfully done setting SDK workspace  
16:47:18 INFO  : Connected to target on host '127.0.0.1' and port '3121'.
16:47:20 INFO  : 'targets -set -filter {jtag_cable_name =~ "Digilent Zybo 210279759341A" && level==0} -index 1' command is executed.
16:47:22 INFO  : FPGA configured successfully with bitstream "D:/Projects/3ph_f2f/vivado/3ph_f2f_revA/3ph_f2f_revA.sdk/top_design_wrapper_hw_platform_0/top_design_wrapper.bit"
16:47:52 INFO  : Connected to target on host '127.0.0.1' and port '3121'.
16:47:52 INFO  : 'targets -set -filter {jtag_cable_name =~ "Digilent Zybo 210279759341A" && level==0} -index 1' command is executed.
16:47:54 INFO  : FPGA configured successfully with bitstream "D:/Projects/3ph_f2f/vivado/3ph_f2f_revA/3ph_f2f_revA.sdk/top_design_wrapper_hw_platform_0/top_design_wrapper.bit"
16:48:00 INFO  : 'targets -set -filter {jtag_cable_name =~ "Digilent Zybo 210279759341A" && level==0} -index 1' command is executed.
16:48:00 INFO  : 'fpga -state' command is executed.
16:48:00 INFO  : Connected to target on host '127.0.0.1' and port '3121'.
16:48:00 INFO  : Jtag cable 'Digilent Zybo 210279759341A' is selected.
16:48:00 INFO  : 'jtag frequency' command is executed.
16:48:00 INFO  : Sourcing of 'D:/Projects/3ph_f2f/vivado/3ph_f2f_revA/3ph_f2f_revA.sdk/top_design_wrapper_hw_platform_0/ps7_init.tcl' is done.
16:48:00 INFO  : Context for 'APU' is selected.
16:48:00 INFO  : Hardware design information is loaded from 'D:/Projects/3ph_f2f/vivado/3ph_f2f_revA/3ph_f2f_revA.sdk/top_design_wrapper_hw_platform_0/system.hdf'.
16:48:00 INFO  : 'configparams force-mem-access 1' command is executed.
16:48:00 INFO  : Context for 'APU' is selected.
16:48:00 INFO  : 'stop' command is executed.
16:48:01 INFO  : 'ps7_init' command is executed.
16:48:01 INFO  : 'ps7_post_config' command is executed.
16:48:01 INFO  : Context for processor 'ps7_cortexa9_0' is selected.
16:48:01 INFO  : Processor reset is completed for 'ps7_cortexa9_0'.
16:48:01 INFO  : Context for processor 'ps7_cortexa9_0' is selected.
16:48:01 INFO  : The application 'D:/Projects/3ph_f2f/vivado/3ph_f2f_revA/3ph_f2f_revA.sdk/revA/Debug/revA.elf' is downloaded to processor 'ps7_cortexa9_0'.
16:48:01 INFO  : 'configparams force-mem-access 0' command is executed.
16:48:01 INFO  : ----------------XSDB Script----------------
connect -url tcp:127.0.0.1:3121
source D:/Projects/3ph_f2f/vivado/3ph_f2f_revA/3ph_f2f_revA.sdk/top_design_wrapper_hw_platform_0/ps7_init.tcl
targets -set -nocase -filter {name =~"APU*" && jtag_cable_name =~ "Digilent Zybo 210279759341A"} -index 0
loadhw -hw D:/Projects/3ph_f2f/vivado/3ph_f2f_revA/3ph_f2f_revA.sdk/top_design_wrapper_hw_platform_0/system.hdf -mem-ranges [list {0x40000000 0xbfffffff}]
configparams force-mem-access 1
targets -set -nocase -filter {name =~"APU*" && jtag_cable_name =~ "Digilent Zybo 210279759341A"} -index 0
stop
ps7_init
ps7_post_config
targets -set -nocase -filter {name =~ "ARM*#0" && jtag_cable_name =~ "Digilent Zybo 210279759341A"} -index 0
rst -processor
targets -set -nocase -filter {name =~ "ARM*#0" && jtag_cable_name =~ "Digilent Zybo 210279759341A"} -index 0
dow D:/Projects/3ph_f2f/vivado/3ph_f2f_revA/3ph_f2f_revA.sdk/revA/Debug/revA.elf
configparams force-mem-access 0
----------------End of Script----------------

16:48:01 INFO  : Memory regions updated for context APU
16:48:01 INFO  : Context for processor 'ps7_cortexa9_0' is selected.
16:48:02 INFO  : 'con' command is executed.
16:48:02 INFO  : ----------------XSDB Script (After Launch)----------------
targets -set -nocase -filter {name =~ "ARM*#0" && jtag_cable_name =~ "Digilent Zybo 210279759341A"} -index 0
con
----------------End of Script----------------

16:48:02 INFO  : Launch script is exported to file 'D:\Projects\3ph_f2f\vivado\3ph_f2f_revA\3ph_f2f_revA.sdk\.sdk\launch_scripts\xilinx_c-c++_application_(system_debugger)\system_debugger_using_debug_reva.elf_on_local.tcl'
16:54:43 INFO  : Disconnected from the channel tcfchan#1.
21:37:48 INFO  : Registering command handlers for SDK TCF services
21:37:48 INFO  : Launching XSCT server: xsct.bat -interactive D:\Projects\3ph_f2f\vivado\3ph_f2f_revA\3ph_f2f_revA.sdk\temp_xsdb_launch_script.tcl
21:37:49 INFO  : XSCT server has started successfully.
21:37:49 INFO  : Successfully done setting XSCT server connection channel  
21:37:52 INFO  : Successfully done setting SDK workspace  
