
*** Running vivado
    with args -log top_design_current_ref_generator_0_0.vds -m64 -product Vivado -mode batch -messageDb vivado.pb -notrace -source top_design_current_ref_generator_0_0.tcl


****** Vivado v2017.1 (64-bit)
  **** SW Build 1846317 on Fri Apr 14 18:55:03 MDT 2017
  **** IP Build 1846188 on Fri Apr 14 20:52:08 MDT 2017
    ** Copyright 1986-2017 Xilinx, Inc. All Rights Reserved.

source top_design_current_ref_generator_0_0.tcl -notrace
Command: synth_design -top top_design_current_ref_generator_0_0 -part xc7z010clg400-1 -mode out_of_context
Starting synth_design
Attempting to get a license for feature 'Synthesis' and/or device 'xc7z010-clg400'
INFO: [Common 17-349] Got license for feature 'Synthesis' and/or device 'xc7z010-clg400'
INFO: Launching helper process for spawning children vivado processes
INFO: Helper process launched with PID 10400 
---------------------------------------------------------------------------------
Starting RTL Elaboration : Time (s): cpu = 00:00:05 ; elapsed = 00:00:06 . Memory (MB): peak = 334.242 ; gain = 82.938
---------------------------------------------------------------------------------
WARNING: [Synth 8-1090] 'floating_point_v7_1_2' is not compiled in library floating_point_v7_1_2 [d:/Projects/3ph_f2f/vivado/3ph_f2f_revA/3ph_f2f_revA.srcs/sources_1/bd/top_design/ipshared/5052/hdl/ip/current_ref_generator_ap_faddfsub_3_full_dsp_32.vhd:57]
WARNING: [Synth 8-1090] 'floating_point_v7_1_2' is not compiled in library floating_point_v7_1_2 [d:/Projects/3ph_f2f/vivado/3ph_f2f_revA/3ph_f2f_revA.srcs/sources_1/bd/top_design/ipshared/5052/hdl/ip/current_ref_generator_ap_fdiv_14_no_dsp_32.vhd:57]
WARNING: [Synth 8-1090] 'floating_point_v7_1_2' is not compiled in library floating_point_v7_1_2 [d:/Projects/3ph_f2f/vivado/3ph_f2f_revA/3ph_f2f_revA.srcs/sources_1/bd/top_design/ipshared/5052/hdl/ip/current_ref_generator_ap_fmul_2_max_dsp_32.vhd:57]
WARNING: [Synth 8-1090] 'floating_point_v7_1_2' is not compiled in library floating_point_v7_1_2 [d:/Projects/3ph_f2f/vivado/3ph_f2f_revA/3ph_f2f_revA.srcs/sources_1/bd/top_design/ipshared/5052/hdl/ip/current_ref_generator_ap_fsub_3_full_dsp_32.vhd:57]
WARNING: [Synth 8-1090] 'floating_point_v7_1_2' is not compiled in library floating_point_v7_1_2 [d:/Projects/3ph_f2f/vivado/3ph_f2f_revA/3ph_f2f_revA.srcs/sources_1/bd/top_design/ipshared/5052/hdl/ip/current_ref_generator_ap_sitofp_4_no_dsp_32.vhd:57]
INFO: [Synth 8-638] synthesizing module 'top_design_current_ref_generator_0_0' [d:/Projects/3ph_f2f/vivado/3ph_f2f_revA/3ph_f2f_revA.srcs/sources_1/bd/top_design/ip/top_design_current_ref_generator_0_0/synth/top_design_current_ref_generator_0_0.vhd:75]
INFO: [Synth 8-3491] module 'current_ref_generator' declared at 'd:/Projects/3ph_f2f/vivado/3ph_f2f_revA/3ph_f2f_revA.srcs/sources_1/bd/top_design/ipshared/5052/hdl/vhdl/current_ref_generator.vhd:12' bound to instance 'U0' of component 'current_ref_generator' [d:/Projects/3ph_f2f/vivado/3ph_f2f_revA/3ph_f2f_revA.srcs/sources_1/bd/top_design/ip/top_design_current_ref_generator_0_0/synth/top_design_current_ref_generator_0_0.vhd:116]
INFO: [Synth 8-638] synthesizing module 'current_ref_generator' [d:/Projects/3ph_f2f/vivado/3ph_f2f_revA/3ph_f2f_revA.srcs/sources_1/bd/top_design/ipshared/5052/hdl/vhdl/current_ref_generator.vhd:31]
INFO: [Synth 8-5534] Detected attribute (* fsm_encoding = "none" *) [d:/Projects/3ph_f2f/vivado/3ph_f2f_revA/3ph_f2f_revA.srcs/sources_1/bd/top_design/ipshared/5052/hdl/vhdl/current_ref_generator.vhd:165]
	Parameter ID bound to: 1 - type: integer 
	Parameter NUM_STAGE bound to: 5 - type: integer 
	Parameter din0_WIDTH bound to: 32 - type: integer 
	Parameter din1_WIDTH bound to: 32 - type: integer 
	Parameter dout_WIDTH bound to: 32 - type: integer 
INFO: [Synth 8-3491] module 'current_ref_generator_faddfsub_32ns_32ns_32_5_full_dsp' declared at 'd:/Projects/3ph_f2f/vivado/3ph_f2f_revA/3ph_f2f_revA.srcs/sources_1/bd/top_design/ipshared/5052/hdl/vhdl/current_ref_generator_faddfsub_32ns_32ns_32_5_full_dsp.vhd:11' bound to instance 'current_ref_generator_faddfsub_32ns_32ns_32_5_full_dsp_U0' of component 'current_ref_generator_faddfsub_32ns_32ns_32_5_full_dsp' [d:/Projects/3ph_f2f/vivado/3ph_f2f_revA/3ph_f2f_revA.srcs/sources_1/bd/top_design/ipshared/5052/hdl/vhdl/current_ref_generator.vhd:392]
INFO: [Synth 8-638] synthesizing module 'current_ref_generator_faddfsub_32ns_32ns_32_5_full_dsp' [d:/Projects/3ph_f2f/vivado/3ph_f2f_revA/3ph_f2f_revA.srcs/sources_1/bd/top_design/ipshared/5052/hdl/vhdl/current_ref_generator_faddfsub_32ns_32ns_32_5_full_dsp.vhd:30]
	Parameter ID bound to: 1 - type: integer 
	Parameter NUM_STAGE bound to: 5 - type: integer 
	Parameter din0_WIDTH bound to: 32 - type: integer 
	Parameter din1_WIDTH bound to: 32 - type: integer 
	Parameter dout_WIDTH bound to: 32 - type: integer 
INFO: [Synth 8-3491] module 'current_ref_generator_ap_faddfsub_3_full_dsp_32' declared at 'd:/Projects/3ph_f2f/vivado/3ph_f2f_revA/3ph_f2f_revA.srcs/sources_1/bd/top_design/ipshared/5052/hdl/ip/current_ref_generator_ap_faddfsub_3_full_dsp_32.vhd:59' bound to instance 'current_ref_generator_ap_faddfsub_3_full_dsp_32_u' of component 'current_ref_generator_ap_faddfsub_3_full_dsp_32' [d:/Projects/3ph_f2f/vivado/3ph_f2f_revA/3ph_f2f_revA.srcs/sources_1/bd/top_design/ipshared/5052/hdl/vhdl/current_ref_generator_faddfsub_32ns_32ns_32_5_full_dsp.vhd:62]
INFO: [Synth 8-638] synthesizing module 'current_ref_generator_ap_faddfsub_3_full_dsp_32' [d:/Projects/3ph_f2f/vivado/3ph_f2f_revA/3ph_f2f_revA.srcs/sources_1/bd/top_design/ipshared/5052/hdl/ip/current_ref_generator_ap_faddfsub_3_full_dsp_32.vhd:74]
	Parameter C_XDEVICEFAMILY bound to: zynq - type: string 
	Parameter C_HAS_ADD bound to: 1 - type: integer 
	Parameter C_HAS_SUBTRACT bound to: 1 - type: integer 
	Parameter C_HAS_MULTIPLY bound to: 0 - type: integer 
	Parameter C_HAS_DIVIDE bound to: 0 - type: integer 
	Parameter C_HAS_SQRT bound to: 0 - type: integer 
	Parameter C_HAS_COMPARE bound to: 0 - type: integer 
	Parameter C_HAS_FIX_TO_FLT bound to: 0 - type: integer 
	Parameter C_HAS_FLT_TO_FIX bound to: 0 - type: integer 
	Parameter C_HAS_FLT_TO_FLT bound to: 0 - type: integer 
	Parameter C_HAS_RECIP bound to: 0 - type: integer 
	Parameter C_HAS_RECIP_SQRT bound to: 0 - type: integer 
	Parameter C_HAS_ABSOLUTE bound to: 0 - type: integer 
	Parameter C_HAS_LOGARITHM bound to: 0 - type: integer 
	Parameter C_HAS_EXPONENTIAL bound to: 0 - type: integer 
	Parameter C_HAS_FMA bound to: 0 - type: integer 
	Parameter C_HAS_FMS bound to: 0 - type: integer 
	Parameter C_HAS_ACCUMULATOR_A bound to: 0 - type: integer 
	Parameter C_HAS_ACCUMULATOR_S bound to: 0 - type: integer 
	Parameter C_A_WIDTH bound to: 32 - type: integer 
	Parameter C_A_FRACTION_WIDTH bound to: 24 - type: integer 
	Parameter C_B_WIDTH bound to: 32 - type: integer 
	Parameter C_B_FRACTION_WIDTH bound to: 24 - type: integer 
	Parameter C_C_WIDTH bound to: 32 - type: integer 
	Parameter C_C_FRACTION_WIDTH bound to: 24 - type: integer 
	Parameter C_RESULT_WIDTH bound to: 32 - type: integer 
	Parameter C_RESULT_FRACTION_WIDTH bound to: 24 - type: integer 
	Parameter C_COMPARE_OPERATION bound to: 8 - type: integer 
	Parameter C_LATENCY bound to: 3 - type: integer 
	Parameter C_OPTIMIZATION bound to: 1 - type: integer 
	Parameter C_MULT_USAGE bound to: 2 - type: integer 
	Parameter C_BRAM_USAGE bound to: 0 - type: integer 
	Parameter C_RATE bound to: 1 - type: integer 
	Parameter C_ACCUM_INPUT_MSB bound to: 32 - type: integer 
	Parameter C_ACCUM_MSB bound to: 32 - type: integer 
	Parameter C_ACCUM_LSB bound to: -31 - type: integer 
	Parameter C_HAS_UNDERFLOW bound to: 0 - type: integer 
	Parameter C_HAS_OVERFLOW bound to: 0 - type: integer 
	Parameter C_HAS_INVALID_OP bound to: 0 - type: integer 
	Parameter C_HAS_DIVIDE_BY_ZERO bound to: 0 - type: integer 
	Parameter C_HAS_ACCUM_OVERFLOW bound to: 0 - type: integer 
	Parameter C_HAS_ACCUM_INPUT_OVERFLOW bound to: 0 - type: integer 
	Parameter C_HAS_ACLKEN bound to: 1 - type: integer 
	Parameter C_HAS_ARESETN bound to: 0 - type: integer 
	Parameter C_THROTTLE_SCHEME bound to: 3 - type: integer 
	Parameter C_HAS_A_TUSER bound to: 0 - type: integer 
	Parameter C_HAS_A_TLAST bound to: 0 - type: integer 
	Parameter C_HAS_B bound to: 1 - type: integer 
	Parameter C_HAS_B_TUSER bound to: 0 - type: integer 
	Parameter C_HAS_B_TLAST bound to: 0 - type: integer 
	Parameter C_HAS_C bound to: 0 - type: integer 
	Parameter C_HAS_C_TUSER bound to: 0 - type: integer 
	Parameter C_HAS_C_TLAST bound to: 0 - type: integer 
	Parameter C_HAS_OPERATION bound to: 1 - type: integer 
	Parameter C_HAS_OPERATION_TUSER bound to: 0 - type: integer 
	Parameter C_HAS_OPERATION_TLAST bound to: 0 - type: integer 
	Parameter C_HAS_RESULT_TUSER bound to: 0 - type: integer 
	Parameter C_HAS_RESULT_TLAST bound to: 0 - type: integer 
	Parameter C_TLAST_RESOLUTION bound to: 0 - type: integer 
	Parameter C_A_TDATA_WIDTH bound to: 32 - type: integer 
	Parameter C_A_TUSER_WIDTH bound to: 1 - type: integer 
	Parameter C_B_TDATA_WIDTH bound to: 32 - type: integer 
	Parameter C_B_TUSER_WIDTH bound to: 1 - type: integer 
	Parameter C_C_TDATA_WIDTH bound to: 32 - type: integer 
	Parameter C_C_TUSER_WIDTH bound to: 1 - type: integer 
	Parameter C_OPERATION_TDATA_WIDTH bound to: 8 - type: integer 
	Parameter C_OPERATION_TUSER_WIDTH bound to: 1 - type: integer 
	Parameter C_RESULT_TDATA_WIDTH bound to: 32 - type: integer 
	Parameter C_RESULT_TUSER_WIDTH bound to: 1 - type: integer 
	Parameter C_FIXED_DATA_UNSIGNED bound to: 0 - type: integer 
INFO: [Synth 8-637] synthesizing blackbox instance 'U0' of component 'floating_point_v7_1_2' [d:/Projects/3ph_f2f/vivado/3ph_f2f_revA/3ph_f2f_revA.srcs/sources_1/bd/top_design/ipshared/5052/hdl/ip/current_ref_generator_ap_faddfsub_3_full_dsp_32.vhd:202]
INFO: [Synth 8-256] done synthesizing module 'current_ref_generator_ap_faddfsub_3_full_dsp_32' (1#1) [d:/Projects/3ph_f2f/vivado/3ph_f2f_revA/3ph_f2f_revA.srcs/sources_1/bd/top_design/ipshared/5052/hdl/ip/current_ref_generator_ap_faddfsub_3_full_dsp_32.vhd:74]
INFO: [Synth 8-256] done synthesizing module 'current_ref_generator_faddfsub_32ns_32ns_32_5_full_dsp' (2#1) [d:/Projects/3ph_f2f/vivado/3ph_f2f_revA/3ph_f2f_revA.srcs/sources_1/bd/top_design/ipshared/5052/hdl/vhdl/current_ref_generator_faddfsub_32ns_32ns_32_5_full_dsp.vhd:30]
	Parameter ID bound to: 1 - type: integer 
	Parameter NUM_STAGE bound to: 5 - type: integer 
	Parameter din0_WIDTH bound to: 32 - type: integer 
	Parameter din1_WIDTH bound to: 32 - type: integer 
	Parameter dout_WIDTH bound to: 32 - type: integer 
INFO: [Synth 8-3491] module 'current_ref_generator_fsub_32ns_32ns_32_5_full_dsp' declared at 'd:/Projects/3ph_f2f/vivado/3ph_f2f_revA/3ph_f2f_revA.srcs/sources_1/bd/top_design/ipshared/5052/hdl/vhdl/current_ref_generator_fsub_32ns_32ns_32_5_full_dsp.vhd:11' bound to instance 'current_ref_generator_fsub_32ns_32ns_32_5_full_dsp_U1' of component 'current_ref_generator_fsub_32ns_32ns_32_5_full_dsp' [d:/Projects/3ph_f2f/vivado/3ph_f2f_revA/3ph_f2f_revA.srcs/sources_1/bd/top_design/ipshared/5052/hdl/vhdl/current_ref_generator.vhd:408]
INFO: [Synth 8-638] synthesizing module 'current_ref_generator_fsub_32ns_32ns_32_5_full_dsp' [d:/Projects/3ph_f2f/vivado/3ph_f2f_revA/3ph_f2f_revA.srcs/sources_1/bd/top_design/ipshared/5052/hdl/vhdl/current_ref_generator_fsub_32ns_32ns_32_5_full_dsp.vhd:29]
	Parameter ID bound to: 1 - type: integer 
	Parameter NUM_STAGE bound to: 5 - type: integer 
	Parameter din0_WIDTH bound to: 32 - type: integer 
	Parameter din1_WIDTH bound to: 32 - type: integer 
	Parameter dout_WIDTH bound to: 32 - type: integer 
INFO: [Synth 8-3491] module 'current_ref_generator_ap_fsub_3_full_dsp_32' declared at 'd:/Projects/3ph_f2f/vivado/3ph_f2f_revA/3ph_f2f_revA.srcs/sources_1/bd/top_design/ipshared/5052/hdl/ip/current_ref_generator_ap_fsub_3_full_dsp_32.vhd:59' bound to instance 'current_ref_generator_ap_fsub_3_full_dsp_32_u' of component 'current_ref_generator_ap_fsub_3_full_dsp_32' [d:/Projects/3ph_f2f/vivado/3ph_f2f_revA/3ph_f2f_revA.srcs/sources_1/bd/top_design/ipshared/5052/hdl/vhdl/current_ref_generator_fsub_32ns_32ns_32_5_full_dsp.vhd:56]
INFO: [Synth 8-638] synthesizing module 'current_ref_generator_ap_fsub_3_full_dsp_32' [d:/Projects/3ph_f2f/vivado/3ph_f2f_revA/3ph_f2f_revA.srcs/sources_1/bd/top_design/ipshared/5052/hdl/ip/current_ref_generator_ap_fsub_3_full_dsp_32.vhd:72]
	Parameter C_XDEVICEFAMILY bound to: zynq - type: string 
	Parameter C_HAS_ADD bound to: 0 - type: integer 
	Parameter C_HAS_SUBTRACT bound to: 1 - type: integer 
	Parameter C_HAS_MULTIPLY bound to: 0 - type: integer 
	Parameter C_HAS_DIVIDE bound to: 0 - type: integer 
	Parameter C_HAS_SQRT bound to: 0 - type: integer 
	Parameter C_HAS_COMPARE bound to: 0 - type: integer 
	Parameter C_HAS_FIX_TO_FLT bound to: 0 - type: integer 
	Parameter C_HAS_FLT_TO_FIX bound to: 0 - type: integer 
	Parameter C_HAS_FLT_TO_FLT bound to: 0 - type: integer 
	Parameter C_HAS_RECIP bound to: 0 - type: integer 
	Parameter C_HAS_RECIP_SQRT bound to: 0 - type: integer 
	Parameter C_HAS_ABSOLUTE bound to: 0 - type: integer 
	Parameter C_HAS_LOGARITHM bound to: 0 - type: integer 
	Parameter C_HAS_EXPONENTIAL bound to: 0 - type: integer 
	Parameter C_HAS_FMA bound to: 0 - type: integer 
	Parameter C_HAS_FMS bound to: 0 - type: integer 
	Parameter C_HAS_ACCUMULATOR_A bound to: 0 - type: integer 
	Parameter C_HAS_ACCUMULATOR_S bound to: 0 - type: integer 
	Parameter C_A_WIDTH bound to: 32 - type: integer 
	Parameter C_A_FRACTION_WIDTH bound to: 24 - type: integer 
	Parameter C_B_WIDTH bound to: 32 - type: integer 
	Parameter C_B_FRACTION_WIDTH bound to: 24 - type: integer 
	Parameter C_C_WIDTH bound to: 32 - type: integer 
	Parameter C_C_FRACTION_WIDTH bound to: 24 - type: integer 
	Parameter C_RESULT_WIDTH bound to: 32 - type: integer 
	Parameter C_RESULT_FRACTION_WIDTH bound to: 24 - type: integer 
	Parameter C_COMPARE_OPERATION bound to: 8 - type: integer 
	Parameter C_LATENCY bound to: 3 - type: integer 
	Parameter C_OPTIMIZATION bound to: 1 - type: integer 
	Parameter C_MULT_USAGE bound to: 2 - type: integer 
	Parameter C_BRAM_USAGE bound to: 0 - type: integer 
	Parameter C_RATE bound to: 1 - type: integer 
	Parameter C_ACCUM_INPUT_MSB bound to: 32 - type: integer 
	Parameter C_ACCUM_MSB bound to: 32 - type: integer 
	Parameter C_ACCUM_LSB bound to: -31 - type: integer 
	Parameter C_HAS_UNDERFLOW bound to: 0 - type: integer 
	Parameter C_HAS_OVERFLOW bound to: 0 - type: integer 
	Parameter C_HAS_INVALID_OP bound to: 0 - type: integer 
	Parameter C_HAS_DIVIDE_BY_ZERO bound to: 0 - type: integer 
	Parameter C_HAS_ACCUM_OVERFLOW bound to: 0 - type: integer 
	Parameter C_HAS_ACCUM_INPUT_OVERFLOW bound to: 0 - type: integer 
	Parameter C_HAS_ACLKEN bound to: 1 - type: integer 
	Parameter C_HAS_ARESETN bound to: 0 - type: integer 
	Parameter C_THROTTLE_SCHEME bound to: 3 - type: integer 
	Parameter C_HAS_A_TUSER bound to: 0 - type: integer 
	Parameter C_HAS_A_TLAST bound to: 0 - type: integer 
	Parameter C_HAS_B bound to: 1 - type: integer 
	Parameter C_HAS_B_TUSER bound to: 0 - type: integer 
	Parameter C_HAS_B_TLAST bound to: 0 - type: integer 
	Parameter C_HAS_C bound to: 0 - type: integer 
	Parameter C_HAS_C_TUSER bound to: 0 - type: integer 
	Parameter C_HAS_C_TLAST bound to: 0 - type: integer 
	Parameter C_HAS_OPERATION bound to: 0 - type: integer 
	Parameter C_HAS_OPERATION_TUSER bound to: 0 - type: integer 
	Parameter C_HAS_OPERATION_TLAST bound to: 0 - type: integer 
	Parameter C_HAS_RESULT_TUSER bound to: 0 - type: integer 
	Parameter C_HAS_RESULT_TLAST bound to: 0 - type: integer 
	Parameter C_TLAST_RESOLUTION bound to: 0 - type: integer 
	Parameter C_A_TDATA_WIDTH bound to: 32 - type: integer 
	Parameter C_A_TUSER_WIDTH bound to: 1 - type: integer 
	Parameter C_B_TDATA_WIDTH bound to: 32 - type: integer 
	Parameter C_B_TUSER_WIDTH bound to: 1 - type: integer 
	Parameter C_C_TDATA_WIDTH bound to: 32 - type: integer 
	Parameter C_C_TUSER_WIDTH bound to: 1 - type: integer 
	Parameter C_OPERATION_TDATA_WIDTH bound to: 8 - type: integer 
	Parameter C_OPERATION_TUSER_WIDTH bound to: 1 - type: integer 
	Parameter C_RESULT_TDATA_WIDTH bound to: 32 - type: integer 
	Parameter C_RESULT_TUSER_WIDTH bound to: 1 - type: integer 
	Parameter C_FIXED_DATA_UNSIGNED bound to: 0 - type: integer 
INFO: [Synth 8-637] synthesizing blackbox instance 'U0' of component 'floating_point_v7_1_2' [d:/Projects/3ph_f2f/vivado/3ph_f2f_revA/3ph_f2f_revA.srcs/sources_1/bd/top_design/ipshared/5052/hdl/ip/current_ref_generator_ap_fsub_3_full_dsp_32.vhd:198]
INFO: [Synth 8-256] done synthesizing module 'current_ref_generator_ap_fsub_3_full_dsp_32' (3#1) [d:/Projects/3ph_f2f/vivado/3ph_f2f_revA/3ph_f2f_revA.srcs/sources_1/bd/top_design/ipshared/5052/hdl/ip/current_ref_generator_ap_fsub_3_full_dsp_32.vhd:72]
INFO: [Synth 8-256] done synthesizing module 'current_ref_generator_fsub_32ns_32ns_32_5_full_dsp' (4#1) [d:/Projects/3ph_f2f/vivado/3ph_f2f_revA/3ph_f2f_revA.srcs/sources_1/bd/top_design/ipshared/5052/hdl/vhdl/current_ref_generator_fsub_32ns_32ns_32_5_full_dsp.vhd:29]
	Parameter ID bound to: 1 - type: integer 
	Parameter NUM_STAGE bound to: 4 - type: integer 
	Parameter din0_WIDTH bound to: 32 - type: integer 
	Parameter din1_WIDTH bound to: 32 - type: integer 
	Parameter dout_WIDTH bound to: 32 - type: integer 
INFO: [Synth 8-3491] module 'current_ref_generator_fmul_32ns_32ns_32_4_max_dsp' declared at 'd:/Projects/3ph_f2f/vivado/3ph_f2f_revA/3ph_f2f_revA.srcs/sources_1/bd/top_design/ipshared/5052/hdl/vhdl/current_ref_generator_fmul_32ns_32ns_32_4_max_dsp.vhd:11' bound to instance 'current_ref_generator_fmul_32ns_32ns_32_4_max_dsp_U2' of component 'current_ref_generator_fmul_32ns_32ns_32_4_max_dsp' [d:/Projects/3ph_f2f/vivado/3ph_f2f_revA/3ph_f2f_revA.srcs/sources_1/bd/top_design/ipshared/5052/hdl/vhdl/current_ref_generator.vhd:423]
INFO: [Synth 8-638] synthesizing module 'current_ref_generator_fmul_32ns_32ns_32_4_max_dsp' [d:/Projects/3ph_f2f/vivado/3ph_f2f_revA/3ph_f2f_revA.srcs/sources_1/bd/top_design/ipshared/5052/hdl/vhdl/current_ref_generator_fmul_32ns_32ns_32_4_max_dsp.vhd:29]
	Parameter ID bound to: 1 - type: integer 
	Parameter NUM_STAGE bound to: 4 - type: integer 
	Parameter din0_WIDTH bound to: 32 - type: integer 
	Parameter din1_WIDTH bound to: 32 - type: integer 
	Parameter dout_WIDTH bound to: 32 - type: integer 
INFO: [Synth 8-3491] module 'current_ref_generator_ap_fmul_2_max_dsp_32' declared at 'd:/Projects/3ph_f2f/vivado/3ph_f2f_revA/3ph_f2f_revA.srcs/sources_1/bd/top_design/ipshared/5052/hdl/ip/current_ref_generator_ap_fmul_2_max_dsp_32.vhd:59' bound to instance 'current_ref_generator_ap_fmul_2_max_dsp_32_u' of component 'current_ref_generator_ap_fmul_2_max_dsp_32' [d:/Projects/3ph_f2f/vivado/3ph_f2f_revA/3ph_f2f_revA.srcs/sources_1/bd/top_design/ipshared/5052/hdl/vhdl/current_ref_generator_fmul_32ns_32ns_32_4_max_dsp.vhd:56]
INFO: [Synth 8-638] synthesizing module 'current_ref_generator_ap_fmul_2_max_dsp_32' [d:/Projects/3ph_f2f/vivado/3ph_f2f_revA/3ph_f2f_revA.srcs/sources_1/bd/top_design/ipshared/5052/hdl/ip/current_ref_generator_ap_fmul_2_max_dsp_32.vhd:72]
	Parameter C_XDEVICEFAMILY bound to: zynq - type: string 
	Parameter C_HAS_ADD bound to: 0 - type: integer 
	Parameter C_HAS_SUBTRACT bound to: 0 - type: integer 
	Parameter C_HAS_MULTIPLY bound to: 1 - type: integer 
	Parameter C_HAS_DIVIDE bound to: 0 - type: integer 
	Parameter C_HAS_SQRT bound to: 0 - type: integer 
	Parameter C_HAS_COMPARE bound to: 0 - type: integer 
	Parameter C_HAS_FIX_TO_FLT bound to: 0 - type: integer 
	Parameter C_HAS_FLT_TO_FIX bound to: 0 - type: integer 
	Parameter C_HAS_FLT_TO_FLT bound to: 0 - type: integer 
	Parameter C_HAS_RECIP bound to: 0 - type: integer 
	Parameter C_HAS_RECIP_SQRT bound to: 0 - type: integer 
	Parameter C_HAS_ABSOLUTE bound to: 0 - type: integer 
	Parameter C_HAS_LOGARITHM bound to: 0 - type: integer 
	Parameter C_HAS_EXPONENTIAL bound to: 0 - type: integer 
	Parameter C_HAS_FMA bound to: 0 - type: integer 
	Parameter C_HAS_FMS bound to: 0 - type: integer 
	Parameter C_HAS_ACCUMULATOR_A bound to: 0 - type: integer 
	Parameter C_HAS_ACCUMULATOR_S bound to: 0 - type: integer 
	Parameter C_A_WIDTH bound to: 32 - type: integer 
	Parameter C_A_FRACTION_WIDTH bound to: 24 - type: integer 
	Parameter C_B_WIDTH bound to: 32 - type: integer 
	Parameter C_B_FRACTION_WIDTH bound to: 24 - type: integer 
	Parameter C_C_WIDTH bound to: 32 - type: integer 
	Parameter C_C_FRACTION_WIDTH bound to: 24 - type: integer 
	Parameter C_RESULT_WIDTH bound to: 32 - type: integer 
	Parameter C_RESULT_FRACTION_WIDTH bound to: 24 - type: integer 
	Parameter C_COMPARE_OPERATION bound to: 8 - type: integer 
	Parameter C_LATENCY bound to: 2 - type: integer 
	Parameter C_OPTIMIZATION bound to: 1 - type: integer 
	Parameter C_MULT_USAGE bound to: 3 - type: integer 
	Parameter C_BRAM_USAGE bound to: 0 - type: integer 
	Parameter C_RATE bound to: 1 - type: integer 
	Parameter C_ACCUM_INPUT_MSB bound to: 32 - type: integer 
	Parameter C_ACCUM_MSB bound to: 32 - type: integer 
	Parameter C_ACCUM_LSB bound to: -31 - type: integer 
	Parameter C_HAS_UNDERFLOW bound to: 0 - type: integer 
	Parameter C_HAS_OVERFLOW bound to: 0 - type: integer 
	Parameter C_HAS_INVALID_OP bound to: 0 - type: integer 
	Parameter C_HAS_DIVIDE_BY_ZERO bound to: 0 - type: integer 
	Parameter C_HAS_ACCUM_OVERFLOW bound to: 0 - type: integer 
	Parameter C_HAS_ACCUM_INPUT_OVERFLOW bound to: 0 - type: integer 
	Parameter C_HAS_ACLKEN bound to: 1 - type: integer 
	Parameter C_HAS_ARESETN bound to: 0 - type: integer 
	Parameter C_THROTTLE_SCHEME bound to: 3 - type: integer 
	Parameter C_HAS_A_TUSER bound to: 0 - type: integer 
	Parameter C_HAS_A_TLAST bound to: 0 - type: integer 
	Parameter C_HAS_B bound to: 1 - type: integer 
	Parameter C_HAS_B_TUSER bound to: 0 - type: integer 
	Parameter C_HAS_B_TLAST bound to: 0 - type: integer 
	Parameter C_HAS_C bound to: 0 - type: integer 
	Parameter C_HAS_C_TUSER bound to: 0 - type: integer 
	Parameter C_HAS_C_TLAST bound to: 0 - type: integer 
	Parameter C_HAS_OPERATION bound to: 0 - type: integer 
	Parameter C_HAS_OPERATION_TUSER bound to: 0 - type: integer 
	Parameter C_HAS_OPERATION_TLAST bound to: 0 - type: integer 
	Parameter C_HAS_RESULT_TUSER bound to: 0 - type: integer 
	Parameter C_HAS_RESULT_TLAST bound to: 0 - type: integer 
	Parameter C_TLAST_RESOLUTION bound to: 0 - type: integer 
	Parameter C_A_TDATA_WIDTH bound to: 32 - type: integer 
	Parameter C_A_TUSER_WIDTH bound to: 1 - type: integer 
	Parameter C_B_TDATA_WIDTH bound to: 32 - type: integer 
	Parameter C_B_TUSER_WIDTH bound to: 1 - type: integer 
	Parameter C_C_TDATA_WIDTH bound to: 32 - type: integer 
	Parameter C_C_TUSER_WIDTH bound to: 1 - type: integer 
	Parameter C_OPERATION_TDATA_WIDTH bound to: 8 - type: integer 
	Parameter C_OPERATION_TUSER_WIDTH bound to: 1 - type: integer 
	Parameter C_RESULT_TDATA_WIDTH bound to: 32 - type: integer 
	Parameter C_RESULT_TUSER_WIDTH bound to: 1 - type: integer 
	Parameter C_FIXED_DATA_UNSIGNED bound to: 0 - type: integer 
INFO: [Synth 8-637] synthesizing blackbox instance 'U0' of component 'floating_point_v7_1_2' [d:/Projects/3ph_f2f/vivado/3ph_f2f_revA/3ph_f2f_revA.srcs/sources_1/bd/top_design/ipshared/5052/hdl/ip/current_ref_generator_ap_fmul_2_max_dsp_32.vhd:198]
INFO: [Synth 8-256] done synthesizing module 'current_ref_generator_ap_fmul_2_max_dsp_32' (5#1) [d:/Projects/3ph_f2f/vivado/3ph_f2f_revA/3ph_f2f_revA.srcs/sources_1/bd/top_design/ipshared/5052/hdl/ip/current_ref_generator_ap_fmul_2_max_dsp_32.vhd:72]
INFO: [Synth 8-256] done synthesizing module 'current_ref_generator_fmul_32ns_32ns_32_4_max_dsp' (6#1) [d:/Projects/3ph_f2f/vivado/3ph_f2f_revA/3ph_f2f_revA.srcs/sources_1/bd/top_design/ipshared/5052/hdl/vhdl/current_ref_generator_fmul_32ns_32ns_32_4_max_dsp.vhd:29]
	Parameter ID bound to: 1 - type: integer 
	Parameter NUM_STAGE bound to: 4 - type: integer 
	Parameter din0_WIDTH bound to: 32 - type: integer 
	Parameter din1_WIDTH bound to: 32 - type: integer 
	Parameter dout_WIDTH bound to: 32 - type: integer 
INFO: [Synth 8-3491] module 'current_ref_generator_fmul_32ns_32ns_32_4_max_dsp' declared at 'd:/Projects/3ph_f2f/vivado/3ph_f2f_revA/3ph_f2f_revA.srcs/sources_1/bd/top_design/ipshared/5052/hdl/vhdl/current_ref_generator_fmul_32ns_32ns_32_4_max_dsp.vhd:11' bound to instance 'current_ref_generator_fmul_32ns_32ns_32_4_max_dsp_U3' of component 'current_ref_generator_fmul_32ns_32ns_32_4_max_dsp' [d:/Projects/3ph_f2f/vivado/3ph_f2f_revA/3ph_f2f_revA.srcs/sources_1/bd/top_design/ipshared/5052/hdl/vhdl/current_ref_generator.vhd:438]
	Parameter ID bound to: 1 - type: integer 
	Parameter NUM_STAGE bound to: 16 - type: integer 
	Parameter din0_WIDTH bound to: 32 - type: integer 
	Parameter din1_WIDTH bound to: 32 - type: integer 
	Parameter dout_WIDTH bound to: 32 - type: integer 
INFO: [Synth 8-3491] module 'current_ref_generator_fdiv_32ns_32ns_32_16' declared at 'd:/Projects/3ph_f2f/vivado/3ph_f2f_revA/3ph_f2f_revA.srcs/sources_1/bd/top_design/ipshared/5052/hdl/vhdl/current_ref_generator_fdiv_32ns_32ns_32_16.vhd:11' bound to instance 'current_ref_generator_fdiv_32ns_32ns_32_16_U4' of component 'current_ref_generator_fdiv_32ns_32ns_32_16' [d:/Projects/3ph_f2f/vivado/3ph_f2f_revA/3ph_f2f_revA.srcs/sources_1/bd/top_design/ipshared/5052/hdl/vhdl/current_ref_generator.vhd:453]
INFO: [Synth 8-638] synthesizing module 'current_ref_generator_fdiv_32ns_32ns_32_16' [d:/Projects/3ph_f2f/vivado/3ph_f2f_revA/3ph_f2f_revA.srcs/sources_1/bd/top_design/ipshared/5052/hdl/vhdl/current_ref_generator_fdiv_32ns_32ns_32_16.vhd:29]
	Parameter ID bound to: 1 - type: integer 
	Parameter NUM_STAGE bound to: 16 - type: integer 
	Parameter din0_WIDTH bound to: 32 - type: integer 
	Parameter din1_WIDTH bound to: 32 - type: integer 
	Parameter dout_WIDTH bound to: 32 - type: integer 
INFO: [Synth 8-3491] module 'current_ref_generator_ap_fdiv_14_no_dsp_32' declared at 'd:/Projects/3ph_f2f/vivado/3ph_f2f_revA/3ph_f2f_revA.srcs/sources_1/bd/top_design/ipshared/5052/hdl/ip/current_ref_generator_ap_fdiv_14_no_dsp_32.vhd:59' bound to instance 'current_ref_generator_ap_fdiv_14_no_dsp_32_u' of component 'current_ref_generator_ap_fdiv_14_no_dsp_32' [d:/Projects/3ph_f2f/vivado/3ph_f2f_revA/3ph_f2f_revA.srcs/sources_1/bd/top_design/ipshared/5052/hdl/vhdl/current_ref_generator_fdiv_32ns_32ns_32_16.vhd:56]
INFO: [Synth 8-638] synthesizing module 'current_ref_generator_ap_fdiv_14_no_dsp_32' [d:/Projects/3ph_f2f/vivado/3ph_f2f_revA/3ph_f2f_revA.srcs/sources_1/bd/top_design/ipshared/5052/hdl/ip/current_ref_generator_ap_fdiv_14_no_dsp_32.vhd:72]
	Parameter C_XDEVICEFAMILY bound to: zynq - type: string 
	Parameter C_HAS_ADD bound to: 0 - type: integer 
	Parameter C_HAS_SUBTRACT bound to: 0 - type: integer 
	Parameter C_HAS_MULTIPLY bound to: 0 - type: integer 
	Parameter C_HAS_DIVIDE bound to: 1 - type: integer 
	Parameter C_HAS_SQRT bound to: 0 - type: integer 
	Parameter C_HAS_COMPARE bound to: 0 - type: integer 
	Parameter C_HAS_FIX_TO_FLT bound to: 0 - type: integer 
	Parameter C_HAS_FLT_TO_FIX bound to: 0 - type: integer 
	Parameter C_HAS_FLT_TO_FLT bound to: 0 - type: integer 
	Parameter C_HAS_RECIP bound to: 0 - type: integer 
	Parameter C_HAS_RECIP_SQRT bound to: 0 - type: integer 
	Parameter C_HAS_ABSOLUTE bound to: 0 - type: integer 
	Parameter C_HAS_LOGARITHM bound to: 0 - type: integer 
	Parameter C_HAS_EXPONENTIAL bound to: 0 - type: integer 
	Parameter C_HAS_FMA bound to: 0 - type: integer 
	Parameter C_HAS_FMS bound to: 0 - type: integer 
	Parameter C_HAS_ACCUMULATOR_A bound to: 0 - type: integer 
	Parameter C_HAS_ACCUMULATOR_S bound to: 0 - type: integer 
	Parameter C_A_WIDTH bound to: 32 - type: integer 
	Parameter C_A_FRACTION_WIDTH bound to: 24 - type: integer 
	Parameter C_B_WIDTH bound to: 32 - type: integer 
	Parameter C_B_FRACTION_WIDTH bound to: 24 - type: integer 
	Parameter C_C_WIDTH bound to: 32 - type: integer 
	Parameter C_C_FRACTION_WIDTH bound to: 24 - type: integer 
	Parameter C_RESULT_WIDTH bound to: 32 - type: integer 
	Parameter C_RESULT_FRACTION_WIDTH bound to: 24 - type: integer 
	Parameter C_COMPARE_OPERATION bound to: 8 - type: integer 
	Parameter C_LATENCY bound to: 14 - type: integer 
	Parameter C_OPTIMIZATION bound to: 1 - type: integer 
	Parameter C_MULT_USAGE bound to: 0 - type: integer 
	Parameter C_BRAM_USAGE bound to: 0 - type: integer 
	Parameter C_RATE bound to: 1 - type: integer 
	Parameter C_ACCUM_INPUT_MSB bound to: 32 - type: integer 
	Parameter C_ACCUM_MSB bound to: 32 - type: integer 
	Parameter C_ACCUM_LSB bound to: -31 - type: integer 
	Parameter C_HAS_UNDERFLOW bound to: 0 - type: integer 
	Parameter C_HAS_OVERFLOW bound to: 0 - type: integer 
	Parameter C_HAS_INVALID_OP bound to: 0 - type: integer 
	Parameter C_HAS_DIVIDE_BY_ZERO bound to: 0 - type: integer 
	Parameter C_HAS_ACCUM_OVERFLOW bound to: 0 - type: integer 
	Parameter C_HAS_ACCUM_INPUT_OVERFLOW bound to: 0 - type: integer 
	Parameter C_HAS_ACLKEN bound to: 1 - type: integer 
	Parameter C_HAS_ARESETN bound to: 0 - type: integer 
	Parameter C_THROTTLE_SCHEME bound to: 3 - type: integer 
	Parameter C_HAS_A_TUSER bound to: 0 - type: integer 
	Parameter C_HAS_A_TLAST bound to: 0 - type: integer 
	Parameter C_HAS_B bound to: 1 - type: integer 
	Parameter C_HAS_B_TUSER bound to: 0 - type: integer 
	Parameter C_HAS_B_TLAST bound to: 0 - type: integer 
	Parameter C_HAS_C bound to: 0 - type: integer 
	Parameter C_HAS_C_TUSER bound to: 0 - type: integer 
	Parameter C_HAS_C_TLAST bound to: 0 - type: integer 
	Parameter C_HAS_OPERATION bound to: 0 - type: integer 
	Parameter C_HAS_OPERATION_TUSER bound to: 0 - type: integer 
	Parameter C_HAS_OPERATION_TLAST bound to: 0 - type: integer 
	Parameter C_HAS_RESULT_TUSER bound to: 0 - type: integer 
	Parameter C_HAS_RESULT_TLAST bound to: 0 - type: integer 
	Parameter C_TLAST_RESOLUTION bound to: 0 - type: integer 
	Parameter C_A_TDATA_WIDTH bound to: 32 - type: integer 
	Parameter C_A_TUSER_WIDTH bound to: 1 - type: integer 
	Parameter C_B_TDATA_WIDTH bound to: 32 - type: integer 
	Parameter C_B_TUSER_WIDTH bound to: 1 - type: integer 
	Parameter C_C_TDATA_WIDTH bound to: 32 - type: integer 
	Parameter C_C_TUSER_WIDTH bound to: 1 - type: integer 
	Parameter C_OPERATION_TDATA_WIDTH bound to: 8 - type: integer 
	Parameter C_OPERATION_TUSER_WIDTH bound to: 1 - type: integer 
	Parameter C_RESULT_TDATA_WIDTH bound to: 32 - type: integer 
	Parameter C_RESULT_TUSER_WIDTH bound to: 1 - type: integer 
	Parameter C_FIXED_DATA_UNSIGNED bound to: 0 - type: integer 
INFO: [Synth 8-637] synthesizing blackbox instance 'U0' of component 'floating_point_v7_1_2' [d:/Projects/3ph_f2f/vivado/3ph_f2f_revA/3ph_f2f_revA.srcs/sources_1/bd/top_design/ipshared/5052/hdl/ip/current_ref_generator_ap_fdiv_14_no_dsp_32.vhd:198]
INFO: [Synth 8-256] done synthesizing module 'current_ref_generator_ap_fdiv_14_no_dsp_32' (7#1) [d:/Projects/3ph_f2f/vivado/3ph_f2f_revA/3ph_f2f_revA.srcs/sources_1/bd/top_design/ipshared/5052/hdl/ip/current_ref_generator_ap_fdiv_14_no_dsp_32.vhd:72]
INFO: [Synth 8-256] done synthesizing module 'current_ref_generator_fdiv_32ns_32ns_32_16' (8#1) [d:/Projects/3ph_f2f/vivado/3ph_f2f_revA/3ph_f2f_revA.srcs/sources_1/bd/top_design/ipshared/5052/hdl/vhdl/current_ref_generator_fdiv_32ns_32ns_32_16.vhd:29]
	Parameter ID bound to: 1 - type: integer 
	Parameter NUM_STAGE bound to: 16 - type: integer 
	Parameter din0_WIDTH bound to: 32 - type: integer 
	Parameter din1_WIDTH bound to: 32 - type: integer 
	Parameter dout_WIDTH bound to: 32 - type: integer 
INFO: [Synth 8-3491] module 'current_ref_generator_fdiv_32ns_32ns_32_16' declared at 'd:/Projects/3ph_f2f/vivado/3ph_f2f_revA/3ph_f2f_revA.srcs/sources_1/bd/top_design/ipshared/5052/hdl/vhdl/current_ref_generator_fdiv_32ns_32ns_32_16.vhd:11' bound to instance 'current_ref_generator_fdiv_32ns_32ns_32_16_U5' of component 'current_ref_generator_fdiv_32ns_32ns_32_16' [d:/Projects/3ph_f2f/vivado/3ph_f2f_revA/3ph_f2f_revA.srcs/sources_1/bd/top_design/ipshared/5052/hdl/vhdl/current_ref_generator.vhd:468]
	Parameter ID bound to: 1 - type: integer 
	Parameter NUM_STAGE bound to: 6 - type: integer 
	Parameter din0_WIDTH bound to: 32 - type: integer 
	Parameter dout_WIDTH bound to: 32 - type: integer 
INFO: [Synth 8-3491] module 'current_ref_generator_sitofp_32ns_32_6' declared at 'd:/Projects/3ph_f2f/vivado/3ph_f2f_revA/3ph_f2f_revA.srcs/sources_1/bd/top_design/ipshared/5052/hdl/vhdl/current_ref_generator_sitofp_32ns_32_6.vhd:11' bound to instance 'current_ref_generator_sitofp_32ns_32_6_U6' of component 'current_ref_generator_sitofp_32ns_32_6' [d:/Projects/3ph_f2f/vivado/3ph_f2f_revA/3ph_f2f_revA.srcs/sources_1/bd/top_design/ipshared/5052/hdl/vhdl/current_ref_generator.vhd:483]
INFO: [Synth 8-638] synthesizing module 'current_ref_generator_sitofp_32ns_32_6' [d:/Projects/3ph_f2f/vivado/3ph_f2f_revA/3ph_f2f_revA.srcs/sources_1/bd/top_design/ipshared/5052/hdl/vhdl/current_ref_generator_sitofp_32ns_32_6.vhd:27]
	Parameter ID bound to: 1 - type: integer 
	Parameter NUM_STAGE bound to: 6 - type: integer 
	Parameter din0_WIDTH bound to: 32 - type: integer 
	Parameter dout_WIDTH bound to: 32 - type: integer 
INFO: [Synth 8-3491] module 'current_ref_generator_ap_sitofp_4_no_dsp_32' declared at 'd:/Projects/3ph_f2f/vivado/3ph_f2f_revA/3ph_f2f_revA.srcs/sources_1/bd/top_design/ipshared/5052/hdl/ip/current_ref_generator_ap_sitofp_4_no_dsp_32.vhd:59' bound to instance 'current_ref_generator_ap_sitofp_4_no_dsp_32_u' of component 'current_ref_generator_ap_sitofp_4_no_dsp_32' [d:/Projects/3ph_f2f/vivado/3ph_f2f_revA/3ph_f2f_revA.srcs/sources_1/bd/top_design/ipshared/5052/hdl/vhdl/current_ref_generator_sitofp_32ns_32_6.vhd:49]
INFO: [Synth 8-638] synthesizing module 'current_ref_generator_ap_sitofp_4_no_dsp_32' [d:/Projects/3ph_f2f/vivado/3ph_f2f_revA/3ph_f2f_revA.srcs/sources_1/bd/top_design/ipshared/5052/hdl/ip/current_ref_generator_ap_sitofp_4_no_dsp_32.vhd:70]
	Parameter C_XDEVICEFAMILY bound to: zynq - type: string 
	Parameter C_HAS_ADD bound to: 0 - type: integer 
	Parameter C_HAS_SUBTRACT bound to: 0 - type: integer 
	Parameter C_HAS_MULTIPLY bound to: 0 - type: integer 
	Parameter C_HAS_DIVIDE bound to: 0 - type: integer 
	Parameter C_HAS_SQRT bound to: 0 - type: integer 
	Parameter C_HAS_COMPARE bound to: 0 - type: integer 
	Parameter C_HAS_FIX_TO_FLT bound to: 1 - type: integer 
	Parameter C_HAS_FLT_TO_FIX bound to: 0 - type: integer 
	Parameter C_HAS_FLT_TO_FLT bound to: 0 - type: integer 
	Parameter C_HAS_RECIP bound to: 0 - type: integer 
	Parameter C_HAS_RECIP_SQRT bound to: 0 - type: integer 
	Parameter C_HAS_ABSOLUTE bound to: 0 - type: integer 
	Parameter C_HAS_LOGARITHM bound to: 0 - type: integer 
	Parameter C_HAS_EXPONENTIAL bound to: 0 - type: integer 
	Parameter C_HAS_FMA bound to: 0 - type: integer 
	Parameter C_HAS_FMS bound to: 0 - type: integer 
	Parameter C_HAS_ACCUMULATOR_A bound to: 0 - type: integer 
	Parameter C_HAS_ACCUMULATOR_S bound to: 0 - type: integer 
	Parameter C_A_WIDTH bound to: 32 - type: integer 
	Parameter C_A_FRACTION_WIDTH bound to: 0 - type: integer 
	Parameter C_B_WIDTH bound to: 32 - type: integer 
	Parameter C_B_FRACTION_WIDTH bound to: 0 - type: integer 
	Parameter C_C_WIDTH bound to: 32 - type: integer 
	Parameter C_C_FRACTION_WIDTH bound to: 0 - type: integer 
	Parameter C_RESULT_WIDTH bound to: 32 - type: integer 
	Parameter C_RESULT_FRACTION_WIDTH bound to: 24 - type: integer 
	Parameter C_COMPARE_OPERATION bound to: 8 - type: integer 
	Parameter C_LATENCY bound to: 4 - type: integer 
	Parameter C_OPTIMIZATION bound to: 1 - type: integer 
	Parameter C_MULT_USAGE bound to: 0 - type: integer 
	Parameter C_BRAM_USAGE bound to: 0 - type: integer 
	Parameter C_RATE bound to: 1 - type: integer 
	Parameter C_ACCUM_INPUT_MSB bound to: 32 - type: integer 
	Parameter C_ACCUM_MSB bound to: 32 - type: integer 
	Parameter C_ACCUM_LSB bound to: -31 - type: integer 
	Parameter C_HAS_UNDERFLOW bound to: 0 - type: integer 
	Parameter C_HAS_OVERFLOW bound to: 0 - type: integer 
	Parameter C_HAS_INVALID_OP bound to: 0 - type: integer 
	Parameter C_HAS_DIVIDE_BY_ZERO bound to: 0 - type: integer 
	Parameter C_HAS_ACCUM_OVERFLOW bound to: 0 - type: integer 
	Parameter C_HAS_ACCUM_INPUT_OVERFLOW bound to: 0 - type: integer 
	Parameter C_HAS_ACLKEN bound to: 1 - type: integer 
	Parameter C_HAS_ARESETN bound to: 0 - type: integer 
	Parameter C_THROTTLE_SCHEME bound to: 3 - type: integer 
	Parameter C_HAS_A_TUSER bound to: 0 - type: integer 
	Parameter C_HAS_A_TLAST bound to: 0 - type: integer 
	Parameter C_HAS_B bound to: 0 - type: integer 
	Parameter C_HAS_B_TUSER bound to: 0 - type: integer 
	Parameter C_HAS_B_TLAST bound to: 0 - type: integer 
	Parameter C_HAS_C bound to: 0 - type: integer 
	Parameter C_HAS_C_TUSER bound to: 0 - type: integer 
	Parameter C_HAS_C_TLAST bound to: 0 - type: integer 
	Parameter C_HAS_OPERATION bound to: 0 - type: integer 
	Parameter C_HAS_OPERATION_TUSER bound to: 0 - type: integer 
	Parameter C_HAS_OPERATION_TLAST bound to: 0 - type: integer 
	Parameter C_HAS_RESULT_TUSER bound to: 0 - type: integer 
	Parameter C_HAS_RESULT_TLAST bound to: 0 - type: integer 
	Parameter C_TLAST_RESOLUTION bound to: 0 - type: integer 
	Parameter C_A_TDATA_WIDTH bound to: 32 - type: integer 
	Parameter C_A_TUSER_WIDTH bound to: 1 - type: integer 
	Parameter C_B_TDATA_WIDTH bound to: 32 - type: integer 
	Parameter C_B_TUSER_WIDTH bound to: 1 - type: integer 
	Parameter C_C_TDATA_WIDTH bound to: 32 - type: integer 
	Parameter C_C_TUSER_WIDTH bound to: 1 - type: integer 
	Parameter C_OPERATION_TDATA_WIDTH bound to: 8 - type: integer 
	Parameter C_OPERATION_TUSER_WIDTH bound to: 1 - type: integer 
	Parameter C_RESULT_TDATA_WIDTH bound to: 32 - type: integer 
	Parameter C_RESULT_TUSER_WIDTH bound to: 1 - type: integer 
	Parameter C_FIXED_DATA_UNSIGNED bound to: 0 - type: integer 
INFO: [Synth 8-637] synthesizing blackbox instance 'U0' of component 'floating_point_v7_1_2' [d:/Projects/3ph_f2f/vivado/3ph_f2f_revA/3ph_f2f_revA.srcs/sources_1/bd/top_design/ipshared/5052/hdl/ip/current_ref_generator_ap_sitofp_4_no_dsp_32.vhd:194]
INFO: [Synth 8-256] done synthesizing module 'current_ref_generator_ap_sitofp_4_no_dsp_32' (9#1) [d:/Projects/3ph_f2f/vivado/3ph_f2f_revA/3ph_f2f_revA.srcs/sources_1/bd/top_design/ipshared/5052/hdl/ip/current_ref_generator_ap_sitofp_4_no_dsp_32.vhd:70]
INFO: [Synth 8-256] done synthesizing module 'current_ref_generator_sitofp_32ns_32_6' (10#1) [d:/Projects/3ph_f2f/vivado/3ph_f2f_revA/3ph_f2f_revA.srcs/sources_1/bd/top_design/ipshared/5052/hdl/vhdl/current_ref_generator_sitofp_32ns_32_6.vhd:27]
WARNING: [Synth 8-6014] Unused sequential element ap_sig_512_reg was removed.  [d:/Projects/3ph_f2f/vivado/3ph_f2f_revA/3ph_f2f_revA.srcs/sources_1/bd/top_design/ipshared/5052/hdl/vhdl/current_ref_generator.vhd:1052]
WARNING: [Synth 8-6014] Unused sequential element ap_sig_cseq_ST_st47_fsm_46_reg was removed.  [d:/Projects/3ph_f2f/vivado/3ph_f2f_revA/3ph_f2f_revA.srcs/sources_1/bd/top_design/ipshared/5052/hdl/vhdl/current_ref_generator.vhd:1277]
WARNING: [Synth 8-6014] Unused sequential element ap_ready_reg was removed.  [d:/Projects/3ph_f2f/vivado/3ph_f2f_revA/3ph_f2f_revA.srcs/sources_1/bd/top_design/ipshared/5052/hdl/vhdl/current_ref_generator.vhd:857]
WARNING: [Synth 8-6014] Unused sequential element beta_ref8b_1_vld_in_reg was removed.  [d:/Projects/3ph_f2f/vivado/3ph_f2f_revA/3ph_f2f_revA.srcs/sources_1/bd/top_design/ipshared/5052/hdl/vhdl/current_ref_generator.vhd:546]
INFO: [Synth 8-256] done synthesizing module 'current_ref_generator' (11#1) [d:/Projects/3ph_f2f/vivado/3ph_f2f_revA/3ph_f2f_revA.srcs/sources_1/bd/top_design/ipshared/5052/hdl/vhdl/current_ref_generator.vhd:31]
INFO: [Synth 8-256] done synthesizing module 'top_design_current_ref_generator_0_0' (12#1) [d:/Projects/3ph_f2f/vivado/3ph_f2f_revA/3ph_f2f_revA.srcs/sources_1/bd/top_design/ip/top_design_current_ref_generator_0_0/synth/top_design_current_ref_generator_0_0.vhd:75]
WARNING: [Synth 8-3331] design current_ref_generator_sitofp_32ns_32_6 has unconnected port reset
WARNING: [Synth 8-3331] design current_ref_generator_fdiv_32ns_32ns_32_16 has unconnected port reset
WARNING: [Synth 8-3331] design current_ref_generator_fmul_32ns_32ns_32_4_max_dsp has unconnected port reset
WARNING: [Synth 8-3331] design current_ref_generator_fsub_32ns_32ns_32_5_full_dsp has unconnected port reset
WARNING: [Synth 8-3331] design current_ref_generator_faddfsub_32ns_32ns_32_5_full_dsp has unconnected port reset
---------------------------------------------------------------------------------
Finished RTL Elaboration : Time (s): cpu = 00:00:09 ; elapsed = 00:00:09 . Memory (MB): peak = 409.387 ; gain = 158.082
---------------------------------------------------------------------------------

Report Check Netlist: 
+------+------------------+-------+---------+-------+------------------+
|      |Item              |Errors |Warnings |Status |Description       |
+------+------------------+-------+---------+-------+------------------+
|1     |multi_driven_nets |      0|        0|Passed |Multi driven nets |
+------+------------------+-------+---------+-------+------------------+
---------------------------------------------------------------------------------
Finished RTL Optimization Phase 1 : Time (s): cpu = 00:00:09 ; elapsed = 00:00:09 . Memory (MB): peak = 409.387 ; gain = 158.082
---------------------------------------------------------------------------------
INFO: [Device 21-403] Loading part xc7z010clg400-1
INFO: [Project 1-570] Preparing netlist for logic optimization

Processing XDC Constraints
Initializing timing engine
Parsing XDC File [d:/Projects/3ph_f2f/vivado/3ph_f2f_revA/3ph_f2f_revA.srcs/sources_1/bd/top_design/ip/top_design_current_ref_generator_0_0/constraints/current_ref_generator_ooc.xdc] for cell 'U0'
Finished Parsing XDC File [d:/Projects/3ph_f2f/vivado/3ph_f2f_revA/3ph_f2f_revA.srcs/sources_1/bd/top_design/ip/top_design_current_ref_generator_0_0/constraints/current_ref_generator_ooc.xdc] for cell 'U0'
Parsing XDC File [D:/Projects/3ph_f2f/vivado/3ph_f2f_revA/3ph_f2f_revA.runs/top_design_current_ref_generator_0_0_synth_1/dont_touch.xdc]
Finished Parsing XDC File [D:/Projects/3ph_f2f/vivado/3ph_f2f_revA/3ph_f2f_revA.runs/top_design_current_ref_generator_0_0_synth_1/dont_touch.xdc]
Completed Processing XDC Constraints

INFO: [Project 1-111] Unisim Transformation Summary:
No Unisim elements were transformed.

Constraint Validation Runtime : Time (s): cpu = 00:00:00 ; elapsed = 00:00:00.043 . Memory (MB): peak = 683.754 ; gain = 0.000
---------------------------------------------------------------------------------
Finished Constraint Validation : Time (s): cpu = 00:00:20 ; elapsed = 00:00:21 . Memory (MB): peak = 683.754 ; gain = 432.449
---------------------------------------------------------------------------------
---------------------------------------------------------------------------------
Start Loading Part and Timing Information
---------------------------------------------------------------------------------
Loading part: xc7z010clg400-1
---------------------------------------------------------------------------------
Finished Loading Part and Timing Information : Time (s): cpu = 00:00:20 ; elapsed = 00:00:21 . Memory (MB): peak = 683.754 ; gain = 432.449
---------------------------------------------------------------------------------
---------------------------------------------------------------------------------
Start Applying 'set_property' XDC Constraints
---------------------------------------------------------------------------------
Applied set_property DONT_TOUCH = true for U0. (constraint file  D:/Projects/3ph_f2f/vivado/3ph_f2f_revA/3ph_f2f_revA.runs/top_design_current_ref_generator_0_0_synth_1/dont_touch.xdc, line 9).
---------------------------------------------------------------------------------
Finished applying 'set_property' XDC Constraints : Time (s): cpu = 00:00:20 ; elapsed = 00:00:21 . Memory (MB): peak = 683.754 ; gain = 432.449
---------------------------------------------------------------------------------
INFO: [Synth 8-4471] merging register 'beta_ref8b_1_data_reg_reg[7:0]' into 'alfa_ref8b_1_data_reg_reg[7:0]' [d:/Projects/3ph_f2f/vivado/3ph_f2f_revA/3ph_f2f_revA.srcs/sources_1/bd/top_design/ipshared/5052/hdl/vhdl/current_ref_generator.vhd:547]
WARNING: [Synth 8-6014] Unused sequential element beta_ref8b_1_data_reg_reg was removed.  [d:/Projects/3ph_f2f/vivado/3ph_f2f_revA/3ph_f2f_revA.srcs/sources_1/bd/top_design/ipshared/5052/hdl/vhdl/current_ref_generator.vhd:547]
INFO: [Synth 8-4490] FSM extraction disabled for register 'ap_CS_fsm_reg' through user attribute
INFO: [Synth 8-5544] ROM "ap_NS_fsm" won't be mapped to Block RAM because address size (1) smaller than threshold (5)
INFO: [Synth 8-5544] ROM "grp_fu_136_opcode" won't be mapped to Block RAM because address size (1) smaller than threshold (5)
---------------------------------------------------------------------------------
Finished RTL Optimization Phase 2 : Time (s): cpu = 00:00:20 ; elapsed = 00:00:21 . Memory (MB): peak = 683.754 ; gain = 432.449
---------------------------------------------------------------------------------

Report RTL Partitions: 
+-+--------------+------------+----------+
| |RTL Partition |Replication |Instances |
+-+--------------+------------+----------+
+-+--------------+------------+----------+
---------------------------------------------------------------------------------
Start RTL Component Statistics 
---------------------------------------------------------------------------------
Detailed RTL Component Info : 
+---Adders : 
	   2 Input      9 Bit       Adders := 1     
	   2 Input      8 Bit       Adders := 2     
+---Registers : 
	               76 Bit    Registers := 1     
	               32 Bit    Registers := 24    
	               23 Bit    Registers := 1     
	                9 Bit    Registers := 1     
	                8 Bit    Registers := 2     
	                2 Bit    Registers := 1     
	                1 Bit    Registers := 2     
+---Muxes : 
	  77 Input     76 Bit        Muxes := 1     
	   2 Input     32 Bit        Muxes := 6     
	   2 Input     12 Bit        Muxes := 2     
	   2 Input      9 Bit        Muxes := 1     
	   2 Input      8 Bit        Muxes := 2     
	   2 Input      2 Bit        Muxes := 1     
---------------------------------------------------------------------------------
Finished RTL Component Statistics 
---------------------------------------------------------------------------------
---------------------------------------------------------------------------------
Start RTL Hierarchical Component Statistics 
---------------------------------------------------------------------------------
Hierarchical RTL Component report 
Module current_ref_generator_faddfsub_32ns_32ns_32_5_full_dsp 
Detailed RTL Component Info : 
+---Registers : 
	               32 Bit    Registers := 2     
	                2 Bit    Registers := 1     
Module current_ref_generator_fsub_32ns_32ns_32_5_full_dsp 
Detailed RTL Component Info : 
+---Registers : 
	               32 Bit    Registers := 2     
Module current_ref_generator_fmul_32ns_32ns_32_4_max_dsp 
Detailed RTL Component Info : 
+---Registers : 
	               32 Bit    Registers := 2     
Module current_ref_generator_fdiv_32ns_32ns_32_16 
Detailed RTL Component Info : 
+---Registers : 
	               32 Bit    Registers := 2     
Module current_ref_generator_sitofp_32ns_32_6 
Detailed RTL Component Info : 
+---Registers : 
	               32 Bit    Registers := 1     
Module current_ref_generator 
Detailed RTL Component Info : 
+---Adders : 
	   2 Input      9 Bit       Adders := 1     
	   2 Input      8 Bit       Adders := 2     
+---Registers : 
	               76 Bit    Registers := 1     
	               32 Bit    Registers := 11    
	               23 Bit    Registers := 1     
	                9 Bit    Registers := 1     
	                8 Bit    Registers := 2     
	                1 Bit    Registers := 2     
+---Muxes : 
	  77 Input     76 Bit        Muxes := 1     
	   2 Input     32 Bit        Muxes := 6     
	   2 Input     12 Bit        Muxes := 2     
	   2 Input      9 Bit        Muxes := 1     
	   2 Input      8 Bit        Muxes := 2     
	   2 Input      2 Bit        Muxes := 1     
---------------------------------------------------------------------------------
Finished RTL Hierarchical Component Statistics
---------------------------------------------------------------------------------
---------------------------------------------------------------------------------
Start Part Resource Summary
---------------------------------------------------------------------------------
Part Resources:
DSPs: 80 (col length:40)
BRAMs: 120 (col length: RAMB18 40 RAMB36 20)
---------------------------------------------------------------------------------
Finished Part Resource Summary
---------------------------------------------------------------------------------
---------------------------------------------------------------------------------
Start Cross Boundary and Area Optimization
---------------------------------------------------------------------------------
INFO: [Synth 8-4471] merging register 'current_ref_generator_fdiv_32ns_32ns_32_16_U4/din0_buf1_reg[31:0]' into 'current_ref_generator_fsub_32ns_32ns_32_5_full_dsp_U1/din0_buf1_reg[31:0]' [d:/Projects/3ph_f2f/vivado/3ph_f2f_revA/3ph_f2f_revA.srcs/sources_1/bd/top_design/ipshared/5052/hdl/vhdl/current_ref_generator_fdiv_32ns_32ns_32_16.vhd:72]
INFO: [Synth 8-4471] merging register 'current_ref_generator_fdiv_32ns_32ns_32_16_U5/din1_buf1_reg[31:0]' into 'current_ref_generator_fdiv_32ns_32ns_32_16_U4/din1_buf1_reg[31:0]' [d:/Projects/3ph_f2f/vivado/3ph_f2f_revA/3ph_f2f_revA.srcs/sources_1/bd/top_design/ipshared/5052/hdl/vhdl/current_ref_generator_fdiv_32ns_32ns_32_16.vhd:74]
WARNING: [Synth 8-6014] Unused sequential element current_ref_generator_fdiv_32ns_32ns_32_16_U4/din0_buf1_reg was removed.  [d:/Projects/3ph_f2f/vivado/3ph_f2f_revA/3ph_f2f_revA.srcs/sources_1/bd/top_design/ipshared/5052/hdl/vhdl/current_ref_generator_fdiv_32ns_32ns_32_16.vhd:72]
WARNING: [Synth 8-6014] Unused sequential element current_ref_generator_fdiv_32ns_32ns_32_16_U5/din1_buf1_reg was removed.  [d:/Projects/3ph_f2f/vivado/3ph_f2f_revA/3ph_f2f_revA.srcs/sources_1/bd/top_design/ipshared/5052/hdl/vhdl/current_ref_generator_fdiv_32ns_32ns_32_16.vhd:74]
INFO: [Synth 8-3886] merging instance 'U0/tmp_5_i_i_reg_434_reg[0]' (FDE) to 'U0/sh_assign_reg_423_reg[0]'
INFO: [Synth 8-3886] merging instance 'U0/sh_assign_reg_423_reg[8]' (FDE) to 'U0/isNeg_reg_428_reg[0]'
---------------------------------------------------------------------------------
Finished Cross Boundary and Area Optimization : Time (s): cpu = 00:00:23 ; elapsed = 00:00:24 . Memory (MB): peak = 683.754 ; gain = 432.449
---------------------------------------------------------------------------------

Report RTL Partitions: 
+-+--------------+------------+----------+
| |RTL Partition |Replication |Instances |
+-+--------------+------------+----------+
+-+--------------+------------+----------+
---------------------------------------------------------------------------------
Start Applying XDC Timing Constraints
---------------------------------------------------------------------------------
---------------------------------------------------------------------------------
Finished Applying XDC Timing Constraints : Time (s): cpu = 00:00:37 ; elapsed = 00:00:38 . Memory (MB): peak = 683.754 ; gain = 432.449
---------------------------------------------------------------------------------
---------------------------------------------------------------------------------
Start Timing Optimization
---------------------------------------------------------------------------------
---------------------------------------------------------------------------------
Finished Timing Optimization : Time (s): cpu = 00:00:37 ; elapsed = 00:00:38 . Memory (MB): peak = 683.754 ; gain = 432.449
---------------------------------------------------------------------------------

Report RTL Partitions: 
+-+--------------+------------+----------+
| |RTL Partition |Replication |Instances |
+-+--------------+------------+----------+
+-+--------------+------------+----------+
---------------------------------------------------------------------------------
Start Technology Mapping
---------------------------------------------------------------------------------
---------------------------------------------------------------------------------
Finished Technology Mapping : Time (s): cpu = 00:00:38 ; elapsed = 00:00:38 . Memory (MB): peak = 683.754 ; gain = 432.449
---------------------------------------------------------------------------------

Report RTL Partitions: 
+-+--------------+------------+----------+
| |RTL Partition |Replication |Instances |
+-+--------------+------------+----------+
+-+--------------+------------+----------+
---------------------------------------------------------------------------------
Start IO Insertion
---------------------------------------------------------------------------------
---------------------------------------------------------------------------------
Start Flattening Before IO Insertion
---------------------------------------------------------------------------------
---------------------------------------------------------------------------------
Finished Flattening Before IO Insertion
---------------------------------------------------------------------------------
---------------------------------------------------------------------------------
Start Final Netlist Cleanup
---------------------------------------------------------------------------------
---------------------------------------------------------------------------------
Finished Final Netlist Cleanup
---------------------------------------------------------------------------------
---------------------------------------------------------------------------------
Finished IO Insertion : Time (s): cpu = 00:00:38 ; elapsed = 00:00:39 . Memory (MB): peak = 683.754 ; gain = 432.449
---------------------------------------------------------------------------------

Report Check Netlist: 
+------+------------------+-------+---------+-------+------------------+
|      |Item              |Errors |Warnings |Status |Description       |
+------+------------------+-------+---------+-------+------------------+
|1     |multi_driven_nets |      0|        0|Passed |Multi driven nets |
+------+------------------+-------+---------+-------+------------------+
---------------------------------------------------------------------------------
Start Renaming Generated Instances
---------------------------------------------------------------------------------
---------------------------------------------------------------------------------
Finished Renaming Generated Instances : Time (s): cpu = 00:00:38 ; elapsed = 00:00:39 . Memory (MB): peak = 683.754 ; gain = 432.449
---------------------------------------------------------------------------------

Report RTL Partitions: 
+-+--------------+------------+----------+
| |RTL Partition |Replication |Instances |
+-+--------------+------------+----------+
+-+--------------+------------+----------+
---------------------------------------------------------------------------------
Start Rebuilding User Hierarchy
---------------------------------------------------------------------------------
---------------------------------------------------------------------------------
Finished Rebuilding User Hierarchy : Time (s): cpu = 00:00:38 ; elapsed = 00:00:39 . Memory (MB): peak = 683.754 ; gain = 432.449
---------------------------------------------------------------------------------
---------------------------------------------------------------------------------
Start Renaming Generated Ports
---------------------------------------------------------------------------------
---------------------------------------------------------------------------------
Finished Renaming Generated Ports : Time (s): cpu = 00:00:38 ; elapsed = 00:00:39 . Memory (MB): peak = 683.754 ; gain = 432.449
---------------------------------------------------------------------------------
---------------------------------------------------------------------------------
Start Handling Custom Attributes
---------------------------------------------------------------------------------
---------------------------------------------------------------------------------
Finished Handling Custom Attributes : Time (s): cpu = 00:00:39 ; elapsed = 00:00:39 . Memory (MB): peak = 683.754 ; gain = 432.449
---------------------------------------------------------------------------------
---------------------------------------------------------------------------------
Start Renaming Generated Nets
---------------------------------------------------------------------------------
---------------------------------------------------------------------------------
Finished Renaming Generated Nets : Time (s): cpu = 00:00:39 ; elapsed = 00:00:39 . Memory (MB): peak = 683.754 ; gain = 432.449
---------------------------------------------------------------------------------
---------------------------------------------------------------------------------
Start Writing Synthesis Report
---------------------------------------------------------------------------------

Report BlackBoxes: 
+------+----------------------+----------+
|      |BlackBox name         |Instances |
+------+----------------------+----------+
|1     |floating_point_v7_1_2 |         7|
+------+----------------------+----------+

Report Cell Usage: 
+------+--------------------------------+------+
|      |Cell                            |Count |
+------+--------------------------------+------+
|1     |floating_point_v7_1_2_bbox      |     1|
|2     |floating_point_v7_1_2_bbox_0    |     1|
|3     |floating_point_v7_1_2_bbox_1    |     1|
|4     |floating_point_v7_1_2_bbox_1__1 |     1|
|5     |floating_point_v7_1_2_bbox_2    |     1|
|6     |floating_point_v7_1_2_bbox_2__1 |     1|
|7     |floating_point_v7_1_2_bbox_3    |     1|
|8     |LUT1                            |     8|
|9     |LUT2                            |    10|
|10    |LUT3                            |    54|
|11    |LUT4                            |    14|
|12    |LUT5                            |    77|
|13    |LUT6                            |   309|
|14    |MUXF7                           |     6|
|15    |MUXF8                           |     3|
|16    |FDRE                            |   808|
|17    |FDSE                            |     1|
+------+--------------------------------+------+

Report Instance Areas: 
+------+--------------------------------------------------------------+-------------------------------------------------------+------+
|      |Instance                                                      |Module                                                 |Cells |
+------+--------------------------------------------------------------+-------------------------------------------------------+------+
|1     |top                                                           |                                                       |  1563|
|2     |  U0                                                          |current_ref_generator                                  |  1563|
|3     |    current_ref_generator_faddfsub_32ns_32ns_32_5_full_dsp_U0 |current_ref_generator_faddfsub_32ns_32ns_32_5_full_dsp |   204|
|4     |      current_ref_generator_ap_faddfsub_3_full_dsp_32_u       |current_ref_generator_ap_faddfsub_3_full_dsp_32        |    39|
|5     |    current_ref_generator_fdiv_32ns_32ns_32_16_U4             |current_ref_generator_fdiv_32ns_32ns_32_16             |    71|
|6     |      current_ref_generator_ap_fdiv_14_no_dsp_32_u            |current_ref_generator_ap_fdiv_14_no_dsp_32_3           |    39|
|7     |    current_ref_generator_fdiv_32ns_32ns_32_16_U5             |current_ref_generator_fdiv_32ns_32ns_32_16_0           |    71|
|8     |      current_ref_generator_ap_fdiv_14_no_dsp_32_u            |current_ref_generator_ap_fdiv_14_no_dsp_32             |    39|
|9     |    current_ref_generator_fmul_32ns_32ns_32_4_max_dsp_U2      |current_ref_generator_fmul_32ns_32ns_32_4_max_dsp      |   229|
|10    |      current_ref_generator_ap_fmul_2_max_dsp_32_u            |current_ref_generator_ap_fmul_2_max_dsp_32_2           |    55|
|11    |    current_ref_generator_fmul_32ns_32ns_32_4_max_dsp_U3      |current_ref_generator_fmul_32ns_32ns_32_4_max_dsp_1    |   204|
|12    |      current_ref_generator_ap_fmul_2_max_dsp_32_u            |current_ref_generator_ap_fmul_2_max_dsp_32             |    39|
|13    |    current_ref_generator_fsub_32ns_32ns_32_5_full_dsp_U1     |current_ref_generator_fsub_32ns_32ns_32_5_full_dsp     |   103|
|14    |      current_ref_generator_ap_fsub_3_full_dsp_32_u           |current_ref_generator_ap_fsub_3_full_dsp_32            |    39|
|15    |    current_ref_generator_sitofp_32ns_32_6_U6                 |current_ref_generator_sitofp_32ns_32_6                 |    63|
|16    |      current_ref_generator_ap_sitofp_4_no_dsp_32_u           |current_ref_generator_ap_sitofp_4_no_dsp_32            |    39|
+------+--------------------------------------------------------------+-------------------------------------------------------+------+
---------------------------------------------------------------------------------
Finished Writing Synthesis Report : Time (s): cpu = 00:00:39 ; elapsed = 00:00:39 . Memory (MB): peak = 683.754 ; gain = 432.449
---------------------------------------------------------------------------------
Synthesis finished with 0 errors, 0 critical warnings and 3 warnings.
Synthesis Optimization Runtime : Time (s): cpu = 00:00:23 ; elapsed = 00:00:32 . Memory (MB): peak = 683.754 ; gain = 158.082
Synthesis Optimization Complete : Time (s): cpu = 00:00:39 ; elapsed = 00:00:40 . Memory (MB): peak = 683.754 ; gain = 432.449
INFO: [Project 1-571] Translating synthesized netlist
INFO: [Project 1-570] Preparing netlist for logic optimization
INFO: [Opt 31-138] Pushed 0 inverter(s) to 0 load pin(s).
INFO: [Project 1-111] Unisim Transformation Summary:
No Unisim elements were transformed.

59 Infos, 17 Warnings, 0 Critical Warnings and 0 Errors encountered.
synth_design completed successfully
synth_design: Time (s): cpu = 00:00:41 ; elapsed = 00:00:42 . Memory (MB): peak = 683.754 ; gain = 433.047
INFO: [Common 17-1381] The checkpoint 'D:/Projects/3ph_f2f/vivado/3ph_f2f_revA/3ph_f2f_revA.runs/top_design_current_ref_generator_0_0_synth_1/top_design_current_ref_generator_0_0.dcp' has been generated.
