#-----------------------------------------------------------
# Vivado v2017.2 (64-bit)
# SW Build 1909853 on Thu Jun 15 18:39:09 MDT 2017
# IP Build 1909766 on Thu Jun 15 19:58:00 MDT 2017
# Start of session at: Fri Jun 23 17:09:59 2017
# Process ID: 6948
# Current directory: D:/Projects/3ph_f2f/sysgen/netlist
# Command line: vivado.exe -mode batch -source ProjectGeneration.tcl -notrace
# Log file: D:/Projects/3ph_f2f/sysgen/netlist/vivado.log
# Journal file: D:/Projects/3ph_f2f/sysgen/netlist\vivado.jou
#-----------------------------------------------------------
source ProjectGeneration.tcl -notrace
WARNING: [Coretcl 2-176] No IPs found
INFO: [IP_Flow 19-234] Refreshing IP repositories
INFO: [IP_Flow 19-1704] No user IP repositories specified
INFO: [IP_Flow 19-2313] Loaded Vivado IP repository 'C:/Xilinx/Vivado/2017.2/data/ip'.
WARNING: [IP_Flow 19-4832] The IP name 'pll_test_mult_gen_v12_0_i0' you have specified is long. The Windows operating system has path length limitations. It is recommended you use shorter names to reduce the likelihood of issues.
WARNING: [Vivado 12-3523] Attempt to change 'Component_Name' from 'pll_test_mult_gen_v12_0_i0' to 'pll_test_mult_gen_v12_0_i0' is not allowed and is ignored.
WARNING: [IP_Flow 19-4832] The IP name 'pll_test_mult_gen_v12_0_i1' you have specified is long. The Windows operating system has path length limitations. It is recommended you use shorter names to reduce the likelihood of issues.
WARNING: [Vivado 12-3523] Attempt to change 'Component_Name' from 'pll_test_mult_gen_v12_0_i1' to 'pll_test_mult_gen_v12_0_i1' is not allowed and is ignored.
WARNING: [IP_Flow 19-4832] The IP name 'pll_test_c_addsub_v12_0_i0' you have specified is long. The Windows operating system has path length limitations. It is recommended you use shorter names to reduce the likelihood of issues.
WARNING: [Vivado 12-3523] Attempt to change 'Component_Name' from 'pll_test_c_addsub_v12_0_i0' to 'pll_test_c_addsub_v12_0_i0' is not allowed and is ignored.
WARNING: [IP_Flow 19-3374] An attempt to modify the value of disabled parameter 'B_Value' from '000000000000000000000000000000000000000000000000000000000000000000' to '0' has been ignored for IP 'pll_test_c_addsub_v12_0_i0'
WARNING: [IP_Flow 19-3374] An attempt to modify the value of disabled parameter 'Bypass_Sense' from 'Active_High' to 'Active_Low' has been ignored for IP 'pll_test_c_addsub_v12_0_i0'
WARNING: [IP_Flow 19-3374] An attempt to modify the value of disabled parameter 'Bypass_CE_Priority' from 'CE_Overrides_Bypass' to 'Bypass_Overrides_CE' has been ignored for IP 'pll_test_c_addsub_v12_0_i0'
WARNING: [IP_Flow 19-4832] The IP name 'pll_test_c_addsub_v12_0_i1' you have specified is long. The Windows operating system has path length limitations. It is recommended you use shorter names to reduce the likelihood of issues.
WARNING: [Vivado 12-3523] Attempt to change 'Component_Name' from 'pll_test_c_addsub_v12_0_i1' to 'pll_test_c_addsub_v12_0_i1' is not allowed and is ignored.
WARNING: [IP_Flow 19-3374] An attempt to modify the value of disabled parameter 'B_Value' from '000000000000000000000000000000000000000000000000000000000000000000' to '0' has been ignored for IP 'pll_test_c_addsub_v12_0_i1'
WARNING: [IP_Flow 19-3374] An attempt to modify the value of disabled parameter 'Bypass_Sense' from 'Active_High' to 'Active_Low' has been ignored for IP 'pll_test_c_addsub_v12_0_i1'
WARNING: [IP_Flow 19-3374] An attempt to modify the value of disabled parameter 'Bypass_CE_Priority' from 'CE_Overrides_Bypass' to 'Bypass_Overrides_CE' has been ignored for IP 'pll_test_c_addsub_v12_0_i1'
WARNING: [IP_Flow 19-4832] The IP name 'pll_test_mult_gen_v12_0_i2' you have specified is long. The Windows operating system has path length limitations. It is recommended you use shorter names to reduce the likelihood of issues.
WARNING: [Vivado 12-3523] Attempt to change 'Component_Name' from 'pll_test_mult_gen_v12_0_i2' to 'pll_test_mult_gen_v12_0_i2' is not allowed and is ignored.
WARNING: [IP_Flow 19-3374] An attempt to modify the value of disabled parameter 'PortBType' from 'Signed' to 'Unsigned' has been ignored for IP 'pll_test_mult_gen_v12_0_i2'
WARNING: [IP_Flow 19-3374] An attempt to modify the value of disabled parameter 'PortBWidth' from '18' to '16' has been ignored for IP 'pll_test_mult_gen_v12_0_i2'
WARNING: [IP_Flow 19-4832] The IP name 'pll_test_c_addsub_v12_0_i2' you have specified is long. The Windows operating system has path length limitations. It is recommended you use shorter names to reduce the likelihood of issues.
WARNING: [Vivado 12-3523] Attempt to change 'Component_Name' from 'pll_test_c_addsub_v12_0_i2' to 'pll_test_c_addsub_v12_0_i2' is not allowed and is ignored.
WARNING: [IP_Flow 19-3374] An attempt to modify the value of disabled parameter 'B_Value' from '000000000000000000000000000000000' to '0' has been ignored for IP 'pll_test_c_addsub_v12_0_i2'
WARNING: [IP_Flow 19-3374] An attempt to modify the value of disabled parameter 'Bypass_Sense' from 'Active_High' to 'Active_Low' has been ignored for IP 'pll_test_c_addsub_v12_0_i2'
WARNING: [IP_Flow 19-3374] An attempt to modify the value of disabled parameter 'Bypass_CE_Priority' from 'CE_Overrides_Bypass' to 'Bypass_Overrides_CE' has been ignored for IP 'pll_test_c_addsub_v12_0_i2'
WARNING: [IP_Flow 19-4832] The IP name 'pll_test_mult_gen_v12_0_i3' you have specified is long. The Windows operating system has path length limitations. It is recommended you use shorter names to reduce the likelihood of issues.
WARNING: [Vivado 12-3523] Attempt to change 'Component_Name' from 'pll_test_mult_gen_v12_0_i3' to 'pll_test_mult_gen_v12_0_i3' is not allowed and is ignored.
WARNING: [IP_Flow 19-3374] An attempt to modify the value of disabled parameter 'PortBType' from 'Signed' to 'Unsigned' has been ignored for IP 'pll_test_mult_gen_v12_0_i3'
WARNING: [IP_Flow 19-3374] An attempt to modify the value of disabled parameter 'PortBWidth' from '18' to '16' has been ignored for IP 'pll_test_mult_gen_v12_0_i3'
WARNING: [IP_Flow 19-4832] The IP name 'pll_test_mult_gen_v12_0_i4' you have specified is long. The Windows operating system has path length limitations. It is recommended you use shorter names to reduce the likelihood of issues.
WARNING: [Vivado 12-3523] Attempt to change 'Component_Name' from 'pll_test_mult_gen_v12_0_i4' to 'pll_test_mult_gen_v12_0_i4' is not allowed and is ignored.
WARNING: [IP_Flow 19-3374] An attempt to modify the value of disabled parameter 'PortBType' from 'Signed' to 'Unsigned' has been ignored for IP 'pll_test_mult_gen_v12_0_i4'
WARNING: [IP_Flow 19-3374] An attempt to modify the value of disabled parameter 'PortBWidth' from '18' to '16' has been ignored for IP 'pll_test_mult_gen_v12_0_i4'
WARNING: [IP_Flow 19-4832] The IP name 'pll_test_c_addsub_v12_0_i3' you have specified is long. The Windows operating system has path length limitations. It is recommended you use shorter names to reduce the likelihood of issues.
WARNING: [Vivado 12-3523] Attempt to change 'Component_Name' from 'pll_test_c_addsub_v12_0_i3' to 'pll_test_c_addsub_v12_0_i3' is not allowed and is ignored.
WARNING: [IP_Flow 19-3374] An attempt to modify the value of disabled parameter 'B_Value' from '00000000000000000' to '0' has been ignored for IP 'pll_test_c_addsub_v12_0_i3'
WARNING: [IP_Flow 19-3374] An attempt to modify the value of disabled parameter 'Bypass_Sense' from 'Active_High' to 'Active_Low' has been ignored for IP 'pll_test_c_addsub_v12_0_i3'
WARNING: [IP_Flow 19-3374] An attempt to modify the value of disabled parameter 'Bypass_CE_Priority' from 'CE_Overrides_Bypass' to 'Bypass_Overrides_CE' has been ignored for IP 'pll_test_c_addsub_v12_0_i3'
WARNING: [IP_Flow 19-4832] The IP name 'pll_test_c_addsub_v12_0_i4' you have specified is long. The Windows operating system has path length limitations. It is recommended you use shorter names to reduce the likelihood of issues.
WARNING: [Vivado 12-3523] Attempt to change 'Component_Name' from 'pll_test_c_addsub_v12_0_i4' to 'pll_test_c_addsub_v12_0_i4' is not allowed and is ignored.
WARNING: [IP_Flow 19-3374] An attempt to modify the value of disabled parameter 'B_Value' from '00000000000000000' to '0' has been ignored for IP 'pll_test_c_addsub_v12_0_i4'
WARNING: [IP_Flow 19-3374] An attempt to modify the value of disabled parameter 'Bypass_Sense' from 'Active_High' to 'Active_Low' has been ignored for IP 'pll_test_c_addsub_v12_0_i4'
WARNING: [IP_Flow 19-3374] An attempt to modify the value of disabled parameter 'Bypass_CE_Priority' from 'CE_Overrides_Bypass' to 'Bypass_Overrides_CE' has been ignored for IP 'pll_test_c_addsub_v12_0_i4'
IP Repository Located at : C:/Xilinx/Vivado/2017.2/data/ip
Scanning sources...
Finished scanning sources
INFO: [IP_Flow 19-234] Refreshing IP repositories
INFO: [IP_Flow 19-1704] No user IP repositories specified
INFO: [IP_Flow 19-2313] Loaded Vivado IP repository 'C:/Xilinx/Vivado/2017.2/data/ip'.
Adding File d:/Projects/3ph_f2f/sysgen/netlist/ip_catalog/pll_test.srcs/sources_1/ip/pll_test_c_addsub_v12_0_i0/pll_test_c_addsub_v12_0_i0.xci
Adding File d:/Projects/3ph_f2f/sysgen/netlist/ip_catalog/pll_test.srcs/sources_1/ip/pll_test_c_addsub_v12_0_i1/pll_test_c_addsub_v12_0_i1.xci
Adding File d:/Projects/3ph_f2f/sysgen/netlist/ip_catalog/pll_test.srcs/sources_1/ip/pll_test_c_addsub_v12_0_i2/pll_test_c_addsub_v12_0_i2.xci
Adding File d:/Projects/3ph_f2f/sysgen/netlist/ip_catalog/pll_test.srcs/sources_1/ip/pll_test_c_addsub_v12_0_i3/pll_test_c_addsub_v12_0_i3.xci
Adding File d:/Projects/3ph_f2f/sysgen/netlist/ip_catalog/pll_test.srcs/sources_1/ip/pll_test_c_addsub_v12_0_i4/pll_test_c_addsub_v12_0_i4.xci
Adding File d:/Projects/3ph_f2f/sysgen/netlist/ip_catalog/pll_test.srcs/sources_1/ip/pll_test_mult_gen_v12_0_i0/pll_test_mult_gen_v12_0_i0.xci
Adding File d:/Projects/3ph_f2f/sysgen/netlist/ip_catalog/pll_test.srcs/sources_1/ip/pll_test_mult_gen_v12_0_i1/pll_test_mult_gen_v12_0_i1.xci
Adding File d:/Projects/3ph_f2f/sysgen/netlist/ip_catalog/pll_test.srcs/sources_1/ip/pll_test_mult_gen_v12_0_i2/pll_test_mult_gen_v12_0_i2.xci
Adding File d:/Projects/3ph_f2f/sysgen/netlist/ip_catalog/pll_test.srcs/sources_1/ip/pll_test_mult_gen_v12_0_i3/pll_test_mult_gen_v12_0_i3.xci
Adding File d:/Projects/3ph_f2f/sysgen/netlist/ip_catalog/pll_test.srcs/sources_1/ip/pll_test_mult_gen_v12_0_i4/pll_test_mult_gen_v12_0_i4.xci
Adding File D:/Projects/3ph_f2f/sysgen/netlist/sysgen/pll_test.xdc
INFO: [IP_Flow 19-1793] Cannot infer any bus interface that matches bus definition xilinx.com:interface:axis:1.0.
INFO: [IP_Flow 19-1793] Cannot infer any bus interface that matches bus definition xilinx.com:interface:aximm:1.0.
INFO: [IP_Flow 19-1793] Cannot infer any bus interface that matches bus definition xilinx.com:interface:aximm:1.0.
INFO: [IP_Flow 19-4753] Inferred signal 'clock' from port 'clk' as interface 'clk'.
WARNING: [IP_Flow 19-3153] Bus Interface 'clk': ASSOCIATED_BUSIF bus parameter is missing.
INFO: [IP_Flow 19-2181] Payment Required is not set for this core.
INFO: [IP_Flow 19-2187] The Product Guide file is missing.
INFO: [IP_Flow 19-234] Refreshing IP repositories
INFO: [IP_Flow 19-1700] Loaded user IP repository 'd:/Projects/3ph_f2f/sysgen/netlist/ip'.
WARNING: [IP_Flow 19-3656] If you move the project, the path for repository 'd:/Projects/3ph_f2f/sysgen/netlist/ip' may become invalid. A better location for the repository would be in a path adjacent to the project. (Current project location is 'd:/Projects/3ph_f2f/sysgen/netlist/ip_catalog'.)
0
Wrote  : <D:/Projects/3ph_f2f/sysgen/netlist/ip_catalog/pll_test.srcs/sources_1/bd/pll_test_bd/pll_test_bd.bd> 
WARNING: [BD 5-232] No interface pins matched 'get_bd_intf_pins /pll_test_1/*'
WARNING: [BD 5-232] No interface pins matched 'get_bd_intf_pins /pll_test_1/*'
WARNING: [BD 5-232] No interface pins matched 'get_bd_intf_pins /pll_test_1/*'
Wrote  : <D:/Projects/3ph_f2f/sysgen/netlist/ip_catalog/pll_test.srcs/sources_1/bd/pll_test_bd/pll_test_bd.bd> 
INFO: [Common 17-206] Exiting Vivado at Fri Jun 23 17:10:13 2017...
